#
# A fatal error has been detected by the Java Runtime Environment:
#
#  EXCEPTION_ACCESS_VIOLATION (0xc0000005) at pc=0x00007ffd33d3025d, pid=7208, tid=4692
#
# JRE version: OpenJDK Runtime Environment (11.0.7+10) (build 11.0.7+10)
# Java VM: OpenJDK 64-Bit Server VM (11.0.7+10, mixed mode, tiered, compressed oops, g1 gc, windows-amd64)
# Problematic frame:
# V  [jvm.dll+0x50025d]
#
# No core dump will be written. Minidumps are not enabled by default on client versions of Windows
#
# If you would like to submit a bug report, please visit:
#   https://github.com/AdoptOpenJDK/openjdk-support/issues
#

---------------  S U M M A R Y ------------

Command Line: -Dfile.encoding=windows-1252 -Duser.country=US -Duser.language=en -Duser.variant edu.pucmm.eict.Main

Host: Intel(R) Core(TM) i7-2600K CPU @ 3.40GHz, 8 cores, 15G,  Windows 10 , 64 bit Build 18362 (10.0.18362.329)
Time: Wed Jun 17 19:36:54 2020 SA Western Standard Time elapsed time: 3 seconds (0d 0h 0m 3s)

---------------  T H R E A D  ---------------

Current thread (0x000001e4244ee800):  JavaThread "C2 CompilerThread1" daemon [_thread_in_native, id=4692, stack(0x0000007cf7c00000,0x0000007cf7d00000)]


Current CompileTask:
C2:   3830 1080   !   4       java.net.URL::<init> (543 bytes)

Stack: [0x0000007cf7c00000,0x0000007cf7d00000],  sp=0x0000007cf7cfa5b0,  free space=1001k
Native frames: (J=compiled Java code, j=interpreted, Vv=VM code, C=native code)
V  [jvm.dll+0x50025d]
V  [jvm.dll+0x4ff74b]
V  [jvm.dll+0x2025cd]
V  [jvm.dll+0x1fc53a]
V  [jvm.dll+0x1f952f]
V  [jvm.dll+0x17e11c]
V  [jvm.dll+0x208a97]
V  [jvm.dll+0x206c7b]
V  [jvm.dll+0x6db519]
V  [jvm.dll+0x6d47b4]
V  [jvm.dll+0x5ddbe6]
C  [ucrtbase.dll+0x20e72]
C  [KERNEL32.DLL+0x17bd4]
C  [ntdll.dll+0x6ced1]


siginfo: EXCEPTION_ACCESS_VIOLATION (0xc0000005), reading address 0x0000000000000000


Register to memory mapping:

RIP=0x00007ffd33d3025d jvm.dll
RAX=0x0 is NULL
RBX=0x000001e4238c5c70 points into unknown readable memory: 00 00 00 00 00 00 00 00
RCX=0x0 is NULL
RDX=0x0000000000000200 is an unknown value
RSP=0x0000007cf7cfa5b0 is pointing into the stack for thread: 0x000001e4244ee800
RBP=0x0000000000000003 is an unknown value
RSI=0x0 is NULL
RDI=0x0000007cf7cfa6c8 is pointing into the stack for thread: 0x000001e4244ee800
R8 =0x0000000000000006 is an unknown value
R9 =0x0000007cf7cfab30 is pointing into the stack for thread: 0x000001e4244ee800
R10=0x0 is NULL
R11=0x8080808080808080 is an unknown value
R12=0x0000007cf7cfa660 is pointing into the stack for thread: 0x000001e4244ee800
R13=0x0000007cf7cfa640 is pointing into the stack for thread: 0x000001e4244ee800
R14=0x0000000000000009 is an unknown value
R15=0x000001e423b76d30 points into unknown readable memory: c8 43 02 34 fd 7f 00 00


Registers:
RAX=0x0000000000000000, RBX=0x000001e4238c5c70, RCX=0x0000000000000000, RDX=0x0000000000000200
RSP=0x0000007cf7cfa5b0, RBP=0x0000000000000003, RSI=0x0000000000000000, RDI=0x0000007cf7cfa6c8
R8 =0x0000000000000006, R9 =0x0000007cf7cfab30, R10=0x0000000000000000, R11=0x8080808080808080
R12=0x0000007cf7cfa660, R13=0x0000007cf7cfa640, R14=0x0000000000000009, R15=0x000001e423b76d30
RIP=0x00007ffd33d3025d, EFLAGS=0x0000000000010206

Top of Stack: (sp=0x0000007cf7cfa5b0)
0x0000007cf7cfa5b0:   000001e423b140b0 0000000000000003
0x0000007cf7cfa5c0:   00000000000002b6 000001e42494b0c0
0x0000007cf7cfa5d0:   000001e424406f48 00007ffd33dedf1f
0x0000007cf7cfa5e0:   0000000000000000 000001e424406f48
0x0000007cf7cfa5f0:   0000007cf7cfab30 0000007cf7cfa720
0x0000007cf7cfa600:   0000000000000002 0000007cf7cfb700
0x0000007cf7cfa610:   000001e424320ff8 00007ffd33d2f74b
0x0000007cf7cfa620:   0000007cf7cfab30 0000000000000001
0x0000007cf7cfa630:   0000007c000000a1 0000007cf7cfab30
0x0000007cf7cfa640:   000001e424089fe0 00007ffd00000800
0x0000007cf7cfa650:   000001e423d93e90 0000007c00000001
0x0000007cf7cfa660:   00007ffd340981b8 000001e424089fe0
0x0000007cf7cfa670:   000001e400000080 000001e423d8bea0
0x0000007cf7cfa680:   000001e424089fe0 000001e424a10270
0x0000007cf7cfa690:   0000000000090220 000001e424a102c0
0x0000007cf7cfa6a0:   000001e424a18258 000001e424089fe0 

Instructions: (pc=0x00007ffd33d3025d)
0x00007ffd33d3015d:   c9 85 c0 0f 84 5c 02 00 00 48 89 5c 24 78 48 89
0x00007ffd33d3016d:   6c 24 48 48 89 74 24 40 4c 89 74 24 38 4c 89 7c
0x00007ffd33d3017d:   24 30 90 ff c8 41 89 45 18 8b c8 49 8b 45 10 4c
0x00007ffd33d3018d:   8b 3c c8 41 8b 4f 28 8b c1 c1 e8 05 41 3b 44 24
0x00007ffd33d3019d:   10 72 13 49 8b 04 24 8b d1 49 8b cc ff 50 18 4c
0x00007ffd33d301ad:   8b 4c 24 70 eb 2a 83 e1 1f 41 b8 01 00 00 00 41
0x00007ffd33d301bd:   d3 e0 8b c8 49 8b 44 24 18 48 8d 14 88 8b 0c 88
0x00007ffd33d301cd:   8b c1 41 0b c0 89 02 41 23 c8 0f 85 c0 01 00 00
0x00007ffd33d301dd:   41 8b 4f 20 45 33 f6 89 8c 24 80 00 00 00 0f 1f
0x00007ffd33d301ed:   44 00 00 44 3b f1 0f 83 74 01 00 00 49 8b 5f 10
0x00007ffd33d301fd:   41 8b c6 41 ff c6 48 8b 1c c3 8b 43 28 41 3b 41
0x00007ffd33d3020d:   28 73 0d 8b c8 49 8b 41 30 48 83 3c c8 00 75 3c
0x00007ffd33d3021d:   48 83 7b 10 00 74 35 49 8d b1 b8 09 00 00 8b 6e
0x00007ffd33d3022d:   18 8d 45 01 89 46 18 3b 6e 08 72 0f 8b d5 48 8b
0x00007ffd33d3023d:   ce e8 2d dc 0b 00 4c 8b 4c 24 70 48 8b 46 10 8b
0x00007ffd33d3024d:   8c 24 80 00 00 00 48 89 1c e8 eb 97 48 8b 43 08
0x00007ffd33d3025d:   48 83 38 00 0f 84 89 00 00 00 48 8b 03 48 8b cb
0x00007ffd33d3026d:   ff 50 10 84 c0 75 0a 0f b6 43 2c 24 0f 3c 0c 75
0x00007ffd33d3027d:   6d 8b 4b 28 8b c1 c1 e8 05 41 3b 44 24 10 73 2a
0x00007ffd33d3028d:   4c 8b 4c 24 70 83 e1 1f 44 8b c0 ba 01 00 00 00
0x00007ffd33d3029d:   49 8b 44 24 18 d3 e2 8b 8c 24 80 00 00 00 42 8b
0x00007ffd33d302ad:   04 80 23 c2 0f 85 39 ff ff ff 41 8b 75 18 8d 46
0x00007ffd33d302bd:   01 41 89 45 18 41 3b 75 08 72 0a 8b d6 49 8b cd
0x00007ffd33d302cd:   e8 9e db 0b 00 49 8b 45 10 8b 8c 24 80 00 00 00
0x00007ffd33d302dd:   4c 8b 4c 24 70 48 89 1c f0 e9 05 ff ff ff 4c 8b
0x00007ffd33d302ed:   4c 24 70 8b 4b 28 8b c1 c1 e8 05 41 3b 44 24 10
0x00007ffd33d302fd:   72 0e 49 8b 04 24 8b d1 49 8b cc ff 50 18 eb 31
0x00007ffd33d3030d:   83 e1 1f 41 b8 01 00 00 00 41 d3 e0 8b c8 49 8b
0x00007ffd33d3031d:   44 24 18 48 8d 14 88 8b 0c 88 8b c1 41 0b c0 41
0x00007ffd33d3032d:   23 c8 89 02 8b 8c 24 80 00 00 00 0f 85 b2 fe ff
0x00007ffd33d3033d:   ff 48 83 07 10 48 8b 07 48 3b 47 08 72 0b 48 8b
0x00007ffd33d3034d:   cf e8 fd db 0b 00 48 8b 07 4c 8b 4c 24 70 4c 89 


Stack slot to memory mapping:
stack at sp + 0 slots: 0x000001e423b140b0 points into unknown readable memory: d0 23 05 34 fd 7f 00 00
stack at sp + 1 slots: 0x0000000000000003 is an unknown value
stack at sp + 2 slots: 0x00000000000002b6 is an unknown value
stack at sp + 3 slots: 0x000001e42494b0c0 points into unknown readable memory: 00 43 94 24 e4 01 00 00
stack at sp + 4 slots: 0x000001e424406f48 points into unknown readable memory: 00 e8 4e 24 e4 01 00 00
stack at sp + 5 slots: 0x00007ffd33dedf1f jvm.dll
stack at sp + 6 slots: 0x0 is NULL
stack at sp + 7 slots: 0x000001e424406f48 points into unknown readable memory: 00 e8 4e 24 e4 01 00 00


---------------  P R O C E S S  ---------------

Threads class SMR info:
_java_thread_list=0x000001e424433d20, length=23, elements={
0x000001e422ba5800, 0x000001e42345a800, 0x000001e4234a5800, 0x000001e4234a7000,
0x000001e4234aa000, 0x000001e4234b5000, 0x000001e4234bd000, 0x000001e423620000,
0x000001e423629000, 0x000001e42407c000, 0x000001e4242f8000, 0x000001e4242b5800,
0x000001e4242b6800, 0x000001e4240a4000, 0x000001e4240a4800, 0x000001e424306800,
0x000001e424307800, 0x000001e424310000, 0x000001e424315800, 0x000001e424319000,
0x000001e424314000, 0x000001e424317800, 0x000001e4244ee800
}

Java Threads: ( => current thread )
  0x000001e422ba5800 JavaThread "Reference Handler" daemon [_thread_blocked, id=16580, stack(0x0000007cf5f00000,0x0000007cf6000000)]
  0x000001e42345a800 JavaThread "Finalizer" daemon [_thread_blocked, id=13600, stack(0x0000007cf6000000,0x0000007cf6100000)]
  0x000001e4234a5800 JavaThread "Signal Dispatcher" daemon [_thread_blocked, id=17224, stack(0x0000007cf6100000,0x0000007cf6200000)]
  0x000001e4234a7000 JavaThread "Attach Listener" daemon [_thread_blocked, id=17032, stack(0x0000007cf6200000,0x0000007cf6300000)]
  0x000001e4234aa000 JavaThread "C2 CompilerThread0" daemon [_thread_in_native, id=10200, stack(0x0000007cf6300000,0x0000007cf6400000)]
  0x000001e4234b5000 JavaThread "C1 CompilerThread0" daemon [_thread_blocked, id=14200, stack(0x0000007cf6400000,0x0000007cf6500000)]
  0x000001e4234bd000 JavaThread "Sweeper thread" daemon [_thread_blocked, id=17240, stack(0x0000007cf6500000,0x0000007cf6600000)]
  0x000001e423620000 JavaThread "Service Thread" daemon [_thread_blocked, id=14828, stack(0x0000007cf6600000,0x0000007cf6700000)]
  0x000001e423629000 JavaThread "Common-Cleaner" daemon [_thread_blocked, id=12440, stack(0x0000007cf6800000,0x0000007cf6900000)]
  0x000001e42407c000 JavaThread "Thread-0" [_thread_blocked, id=8244, stack(0x0000007cf6a00000,0x0000007cf6b00000)]
  0x000001e4242f8000 JavaThread "qtp199640888-14" [_thread_in_native, id=9792, stack(0x0000007cf6b00000,0x0000007cf6c00000)]
  0x000001e4242b5800 JavaThread "qtp199640888-15" [_thread_in_native, id=18088, stack(0x0000007cf6c00000,0x0000007cf6d00000)]
  0x000001e4242b6800 JavaThread "qtp199640888-16-acceptor-0@2e931ae9-ServerConnector@1a451d4d{HTTP/1.1,[http/1.1]}{0.0.0.0:7000}" [_thread_in_native, id=18388, stack(0x0000007cf6d00000,0x0000007cf6e00000)]
  0x000001e4240a4000 JavaThread "qtp199640888-17" [_thread_blocked, id=14680, stack(0x0000007cf6e00000,0x0000007cf6f00000)]
  0x000001e4240a4800 JavaThread "qtp199640888-18" [_thread_in_vm, id=10912, stack(0x0000007cf6f00000,0x0000007cf7000000)]
  0x000001e424306800 JavaThread "qtp199640888-19" [_thread_in_native, id=1072, stack(0x0000007cf7000000,0x0000007cf7100000)]
  0x000001e424307800 JavaThread "qtp199640888-20" [_thread_in_native, id=15844, stack(0x0000007cf7100000,0x0000007cf7200000)]
  0x000001e424310000 JavaThread "qtp199640888-21" [_thread_blocked, id=3348, stack(0x0000007cf7200000,0x0000007cf7300000)]
  0x000001e424315800 JavaThread "Scheduler-131635550-1" [_thread_blocked, id=18380, stack(0x0000007cf7300000,0x0000007cf7400000)]
  0x000001e424319000 JavaThread "Session-HouseKeeper-10683d9d-1" [_thread_blocked, id=11644, stack(0x0000007cf7400000,0x0000007cf7500000)]
  0x000001e424314000 JavaThread "DestroyJavaVM" [_thread_blocked, id=12816, stack(0x0000007cf5800000,0x0000007cf5900000)]
  0x000001e424317800 JavaThread "Connector-Scheduler-1a451d4d-1" [_thread_blocked, id=11220, stack(0x0000007cf6900000,0x0000007cf6a00000)]
=>0x000001e4244ee800 JavaThread "C2 CompilerThread1" daemon [_thread_in_native, id=4692, stack(0x0000007cf7c00000,0x0000007cf7d00000)]

Other Threads:
  0x000001e422ba2800 VMThread "VM Thread" [stack: 0x0000007cf5e00000,0x0000007cf5f00000] [id=8356]
  0x000001e423621000 WatcherThread [stack: 0x0000007cf6700000,0x0000007cf6800000] [id=13624]
  0x000001e47ee2c800 GCTaskThread "GC Thread#0" [stack: 0x0000007cf5900000,0x0000007cf5a00000] [id=8420]
  0x000001e42432e000 GCTaskThread "GC Thread#1" [stack: 0x0000007cf7500000,0x0000007cf7600000] [id=10172]
  0x000001e42439b000 GCTaskThread "GC Thread#2" [stack: 0x0000007cf7600000,0x0000007cf7700000] [id=6156]
  0x000001e4243b4800 GCTaskThread "GC Thread#3" [stack: 0x0000007cf7700000,0x0000007cf7800000] [id=12144]
  0x000001e4243b5000 GCTaskThread "GC Thread#4" [stack: 0x0000007cf7800000,0x0000007cf7900000] [id=6592]
  0x000001e4243c6000 GCTaskThread "GC Thread#5" [stack: 0x0000007cf7900000,0x0000007cf7a00000] [id=12896]
  0x000001e4243c7000 GCTaskThread "GC Thread#6" [stack: 0x0000007cf7a00000,0x0000007cf7b00000] [id=14684]
  0x000001e4243c7800 GCTaskThread "GC Thread#7" [stack: 0x0000007cf7b00000,0x0000007cf7c00000] [id=2616]
  0x000001e47ee8c000 ConcurrentGCThread "G1 Main Marker" [stack: 0x0000007cf5a00000,0x0000007cf5b00000] [id=18372]
  0x000001e47ee8e800 ConcurrentGCThread "G1 Conc#0" [stack: 0x0000007cf5b00000,0x0000007cf5c00000] [id=5352]
  0x000001e422a89000 ConcurrentGCThread "G1 Refine#0" [stack: 0x0000007cf5c00000,0x0000007cf5d00000] [id=6496]
  0x000001e422a8a000 ConcurrentGCThread "G1 Young RemSet Sampling" [stack: 0x0000007cf5d00000,0x0000007cf5e00000] [id=14584]

Threads with active compile tasks:
C2 CompilerThread0   3891 1071       4       jdk.internal.loader.URLClassPath::getResource (74 bytes)
C2 CompilerThread1   3891 1080   !   4       java.net.URL::<init> (543 bytes)

VM state:not at safepoint (normal execution)

VM Mutex/Monitor currently owned by a thread:  ([mutex/lock_event])
[0x000001e47ee082c0] SystemDictionary_lock - owner thread: 0x000001e4240a4800

Heap address: 0x0000000700600000, size: 4090 MB, Compressed Oops mode: Zero based, Oop shift amount: 3
Narrow klass base: 0x0000000800000000, Narrow klass shift: 0
Compressed class space size: 1073741824 Address: 0x0000000800000000

Heap:
 garbage-first heap   total 262144K, used 27619K [0x0000000700600000, 0x0000000800000000)
  region size 1024K, 28 young (28672K), 3 survivors (3072K)
 Metaspace       used 19883K, capacity 20164K, committed 20352K, reserved 1067008K
  class space    used 2000K, capacity 2107K, committed 2176K, reserved 1048576K
Heap Regions: E=young(eden), S=young(survivor), O=old, HS=humongous(starts), HC=humongous(continues), CS=collection set, F=free, A=archive, TAMS=top-at-mark-start (previous, next)
|   0|0x0000000700600000, 0x0000000700600000, 0x0000000700700000|  0%| F|  |TAMS 0x0000000700600000, 0x0000000700600000| Untracked 
|   1|0x0000000700700000, 0x0000000700700000, 0x0000000700800000|  0%| F|  |TAMS 0x0000000700700000, 0x0000000700700000| Untracked 
|   2|0x0000000700800000, 0x0000000700800000, 0x0000000700900000|  0%| F|  |TAMS 0x0000000700800000, 0x0000000700800000| Untracked 
|   3|0x0000000700900000, 0x0000000700900000, 0x0000000700a00000|  0%| F|  |TAMS 0x0000000700900000, 0x0000000700900000| Untracked 
|   4|0x0000000700a00000, 0x0000000700a00000, 0x0000000700b00000|  0%| F|  |TAMS 0x0000000700a00000, 0x0000000700a00000| Untracked 
|   5|0x0000000700b00000, 0x0000000700b00000, 0x0000000700c00000|  0%| F|  |TAMS 0x0000000700b00000, 0x0000000700b00000| Untracked 
|   6|0x0000000700c00000, 0x0000000700c00000, 0x0000000700d00000|  0%| F|  |TAMS 0x0000000700c00000, 0x0000000700c00000| Untracked 
|   7|0x0000000700d00000, 0x0000000700d00000, 0x0000000700e00000|  0%| F|  |TAMS 0x0000000700d00000, 0x0000000700d00000| Untracked 
|   8|0x0000000700e00000, 0x0000000700e00000, 0x0000000700f00000|  0%| F|  |TAMS 0x0000000700e00000, 0x0000000700e00000| Untracked 
|   9|0x0000000700f00000, 0x0000000700f00000, 0x0000000701000000|  0%| F|  |TAMS 0x0000000700f00000, 0x0000000700f00000| Untracked 
|  10|0x0000000701000000, 0x0000000701000000, 0x0000000701100000|  0%| F|  |TAMS 0x0000000701000000, 0x0000000701000000| Untracked 
|  11|0x0000000701100000, 0x0000000701100000, 0x0000000701200000|  0%| F|  |TAMS 0x0000000701100000, 0x0000000701100000| Untracked 
|  12|0x0000000701200000, 0x0000000701200000, 0x0000000701300000|  0%| F|  |TAMS 0x0000000701200000, 0x0000000701200000| Untracked 
|  13|0x0000000701300000, 0x0000000701300000, 0x0000000701400000|  0%| F|  |TAMS 0x0000000701300000, 0x0000000701300000| Untracked 
|  14|0x0000000701400000, 0x0000000701400000, 0x0000000701500000|  0%| F|  |TAMS 0x0000000701400000, 0x0000000701400000| Untracked 
|  15|0x0000000701500000, 0x0000000701500000, 0x0000000701600000|  0%| F|  |TAMS 0x0000000701500000, 0x0000000701500000| Untracked 
|  16|0x0000000701600000, 0x0000000701600000, 0x0000000701700000|  0%| F|  |TAMS 0x0000000701600000, 0x0000000701600000| Untracked 
|  17|0x0000000701700000, 0x0000000701700000, 0x0000000701800000|  0%| F|  |TAMS 0x0000000701700000, 0x0000000701700000| Untracked 
|  18|0x0000000701800000, 0x0000000701800000, 0x0000000701900000|  0%| F|  |TAMS 0x0000000701800000, 0x0000000701800000| Untracked 
|  19|0x0000000701900000, 0x0000000701900000, 0x0000000701a00000|  0%| F|  |TAMS 0x0000000701900000, 0x0000000701900000| Untracked 
|  20|0x0000000701a00000, 0x0000000701a00000, 0x0000000701b00000|  0%| F|  |TAMS 0x0000000701a00000, 0x0000000701a00000| Untracked 
|  21|0x0000000701b00000, 0x0000000701b00000, 0x0000000701c00000|  0%| F|  |TAMS 0x0000000701b00000, 0x0000000701b00000| Untracked 
|  22|0x0000000701c00000, 0x0000000701c00000, 0x0000000701d00000|  0%| F|  |TAMS 0x0000000701c00000, 0x0000000701c00000| Untracked 
|  23|0x0000000701d00000, 0x0000000701d00000, 0x0000000701e00000|  0%| F|  |TAMS 0x0000000701d00000, 0x0000000701d00000| Untracked 
|  24|0x0000000701e00000, 0x0000000701e00000, 0x0000000701f00000|  0%| F|  |TAMS 0x0000000701e00000, 0x0000000701e00000| Untracked 
|  25|0x0000000701f00000, 0x0000000701f00000, 0x0000000702000000|  0%| F|  |TAMS 0x0000000701f00000, 0x0000000701f00000| Untracked 
|  26|0x0000000702000000, 0x0000000702000000, 0x0000000702100000|  0%| F|  |TAMS 0x0000000702000000, 0x0000000702000000| Untracked 
|  27|0x0000000702100000, 0x0000000702100000, 0x0000000702200000|  0%| F|  |TAMS 0x0000000702100000, 0x0000000702100000| Untracked 
|  28|0x0000000702200000, 0x0000000702200000, 0x0000000702300000|  0%| F|  |TAMS 0x0000000702200000, 0x0000000702200000| Untracked 
|  29|0x0000000702300000, 0x0000000702300000, 0x0000000702400000|  0%| F|  |TAMS 0x0000000702300000, 0x0000000702300000| Untracked 
|  30|0x0000000702400000, 0x0000000702400000, 0x0000000702500000|  0%| F|  |TAMS 0x0000000702400000, 0x0000000702400000| Untracked 
|  31|0x0000000702500000, 0x0000000702500000, 0x0000000702600000|  0%| F|  |TAMS 0x0000000702500000, 0x0000000702500000| Untracked 
|  32|0x0000000702600000, 0x0000000702600000, 0x0000000702700000|  0%| F|  |TAMS 0x0000000702600000, 0x0000000702600000| Untracked 
|  33|0x0000000702700000, 0x0000000702700000, 0x0000000702800000|  0%| F|  |TAMS 0x0000000702700000, 0x0000000702700000| Untracked 
|  34|0x0000000702800000, 0x0000000702800000, 0x0000000702900000|  0%| F|  |TAMS 0x0000000702800000, 0x0000000702800000| Untracked 
|  35|0x0000000702900000, 0x0000000702900000, 0x0000000702a00000|  0%| F|  |TAMS 0x0000000702900000, 0x0000000702900000| Untracked 
|  36|0x0000000702a00000, 0x0000000702a00000, 0x0000000702b00000|  0%| F|  |TAMS 0x0000000702a00000, 0x0000000702a00000| Untracked 
|  37|0x0000000702b00000, 0x0000000702b00000, 0x0000000702c00000|  0%| F|  |TAMS 0x0000000702b00000, 0x0000000702b00000| Untracked 
|  38|0x0000000702c00000, 0x0000000702c00000, 0x0000000702d00000|  0%| F|  |TAMS 0x0000000702c00000, 0x0000000702c00000| Untracked 
|  39|0x0000000702d00000, 0x0000000702d00000, 0x0000000702e00000|  0%| F|  |TAMS 0x0000000702d00000, 0x0000000702d00000| Untracked 
|  40|0x0000000702e00000, 0x0000000702e00000, 0x0000000702f00000|  0%| F|  |TAMS 0x0000000702e00000, 0x0000000702e00000| Untracked 
|  41|0x0000000702f00000, 0x0000000702f00000, 0x0000000703000000|  0%| F|  |TAMS 0x0000000702f00000, 0x0000000702f00000| Untracked 
|  42|0x0000000703000000, 0x0000000703000000, 0x0000000703100000|  0%| F|  |TAMS 0x0000000703000000, 0x0000000703000000| Untracked 
|  43|0x0000000703100000, 0x0000000703100000, 0x0000000703200000|  0%| F|  |TAMS 0x0000000703100000, 0x0000000703100000| Untracked 
|  44|0x0000000703200000, 0x0000000703200000, 0x0000000703300000|  0%| F|  |TAMS 0x0000000703200000, 0x0000000703200000| Untracked 
|  45|0x0000000703300000, 0x0000000703300000, 0x0000000703400000|  0%| F|  |TAMS 0x0000000703300000, 0x0000000703300000| Untracked 
|  46|0x0000000703400000, 0x0000000703400000, 0x0000000703500000|  0%| F|  |TAMS 0x0000000703400000, 0x0000000703400000| Untracked 
|  47|0x0000000703500000, 0x0000000703500000, 0x0000000703600000|  0%| F|  |TAMS 0x0000000703500000, 0x0000000703500000| Untracked 
|  48|0x0000000703600000, 0x0000000703600000, 0x0000000703700000|  0%| F|  |TAMS 0x0000000703600000, 0x0000000703600000| Untracked 
|  49|0x0000000703700000, 0x0000000703700000, 0x0000000703800000|  0%| F|  |TAMS 0x0000000703700000, 0x0000000703700000| Untracked 
|  50|0x0000000703800000, 0x0000000703800000, 0x0000000703900000|  0%| F|  |TAMS 0x0000000703800000, 0x0000000703800000| Untracked 
|  51|0x0000000703900000, 0x0000000703900000, 0x0000000703a00000|  0%| F|  |TAMS 0x0000000703900000, 0x0000000703900000| Untracked 
|  52|0x0000000703a00000, 0x0000000703a00000, 0x0000000703b00000|  0%| F|  |TAMS 0x0000000703a00000, 0x0000000703a00000| Untracked 
|  53|0x0000000703b00000, 0x0000000703b00000, 0x0000000703c00000|  0%| F|  |TAMS 0x0000000703b00000, 0x0000000703b00000| Untracked 
|  54|0x0000000703c00000, 0x0000000703c00000, 0x0000000703d00000|  0%| F|  |TAMS 0x0000000703c00000, 0x0000000703c00000| Untracked 
|  55|0x0000000703d00000, 0x0000000703d00000, 0x0000000703e00000|  0%| F|  |TAMS 0x0000000703d00000, 0x0000000703d00000| Untracked 
|  56|0x0000000703e00000, 0x0000000703e00000, 0x0000000703f00000|  0%| F|  |TAMS 0x0000000703e00000, 0x0000000703e00000| Untracked 
|  57|0x0000000703f00000, 0x0000000703f00000, 0x0000000704000000|  0%| F|  |TAMS 0x0000000703f00000, 0x0000000703f00000| Untracked 
|  58|0x0000000704000000, 0x0000000704000000, 0x0000000704100000|  0%| F|  |TAMS 0x0000000704000000, 0x0000000704000000| Untracked 
|  59|0x0000000704100000, 0x0000000704100000, 0x0000000704200000|  0%| F|  |TAMS 0x0000000704100000, 0x0000000704100000| Untracked 
|  60|0x0000000704200000, 0x0000000704200000, 0x0000000704300000|  0%| F|  |TAMS 0x0000000704200000, 0x0000000704200000| Untracked 
|  61|0x0000000704300000, 0x0000000704300000, 0x0000000704400000|  0%| F|  |TAMS 0x0000000704300000, 0x0000000704300000| Untracked 
|  62|0x0000000704400000, 0x0000000704400000, 0x0000000704500000|  0%| F|  |TAMS 0x0000000704400000, 0x0000000704400000| Untracked 
|  63|0x0000000704500000, 0x0000000704500000, 0x0000000704600000|  0%| F|  |TAMS 0x0000000704500000, 0x0000000704500000| Untracked 
|  64|0x0000000704600000, 0x0000000704600000, 0x0000000704700000|  0%| F|  |TAMS 0x0000000704600000, 0x0000000704600000| Untracked 
|  65|0x0000000704700000, 0x0000000704700000, 0x0000000704800000|  0%| F|  |TAMS 0x0000000704700000, 0x0000000704700000| Untracked 
|  66|0x0000000704800000, 0x0000000704800000, 0x0000000704900000|  0%| F|  |TAMS 0x0000000704800000, 0x0000000704800000| Untracked 
|  67|0x0000000704900000, 0x0000000704900000, 0x0000000704a00000|  0%| F|  |TAMS 0x0000000704900000, 0x0000000704900000| Untracked 
|  68|0x0000000704a00000, 0x0000000704a00000, 0x0000000704b00000|  0%| F|  |TAMS 0x0000000704a00000, 0x0000000704a00000| Untracked 
|  69|0x0000000704b00000, 0x0000000704b00000, 0x0000000704c00000|  0%| F|  |TAMS 0x0000000704b00000, 0x0000000704b00000| Untracked 
|  70|0x0000000704c00000, 0x0000000704c00000, 0x0000000704d00000|  0%| F|  |TAMS 0x0000000704c00000, 0x0000000704c00000| Untracked 
|  71|0x0000000704d00000, 0x0000000704d00000, 0x0000000704e00000|  0%| F|  |TAMS 0x0000000704d00000, 0x0000000704d00000| Untracked 
|  72|0x0000000704e00000, 0x0000000704e00000, 0x0000000704f00000|  0%| F|  |TAMS 0x0000000704e00000, 0x0000000704e00000| Untracked 
|  73|0x0000000704f00000, 0x0000000704f00000, 0x0000000705000000|  0%| F|  |TAMS 0x0000000704f00000, 0x0000000704f00000| Untracked 
|  74|0x0000000705000000, 0x0000000705000000, 0x0000000705100000|  0%| F|  |TAMS 0x0000000705000000, 0x0000000705000000| Untracked 
|  75|0x0000000705100000, 0x0000000705100000, 0x0000000705200000|  0%| F|  |TAMS 0x0000000705100000, 0x0000000705100000| Untracked 
|  76|0x0000000705200000, 0x0000000705200000, 0x0000000705300000|  0%| F|  |TAMS 0x0000000705200000, 0x0000000705200000| Untracked 
|  77|0x0000000705300000, 0x0000000705300000, 0x0000000705400000|  0%| F|  |TAMS 0x0000000705300000, 0x0000000705300000| Untracked 
|  78|0x0000000705400000, 0x0000000705400000, 0x0000000705500000|  0%| F|  |TAMS 0x0000000705400000, 0x0000000705400000| Untracked 
|  79|0x0000000705500000, 0x0000000705500000, 0x0000000705600000|  0%| F|  |TAMS 0x0000000705500000, 0x0000000705500000| Untracked 
|  80|0x0000000705600000, 0x0000000705600000, 0x0000000705700000|  0%| F|  |TAMS 0x0000000705600000, 0x0000000705600000| Untracked 
|  81|0x0000000705700000, 0x0000000705700000, 0x0000000705800000|  0%| F|  |TAMS 0x0000000705700000, 0x0000000705700000| Untracked 
|  82|0x0000000705800000, 0x0000000705800000, 0x0000000705900000|  0%| F|  |TAMS 0x0000000705800000, 0x0000000705800000| Untracked 
|  83|0x0000000705900000, 0x0000000705900000, 0x0000000705a00000|  0%| F|  |TAMS 0x0000000705900000, 0x0000000705900000| Untracked 
|  84|0x0000000705a00000, 0x0000000705a00000, 0x0000000705b00000|  0%| F|  |TAMS 0x0000000705a00000, 0x0000000705a00000| Untracked 
|  85|0x0000000705b00000, 0x0000000705b00000, 0x0000000705c00000|  0%| F|  |TAMS 0x0000000705b00000, 0x0000000705b00000| Untracked 
|  86|0x0000000705c00000, 0x0000000705c00000, 0x0000000705d00000|  0%| F|  |TAMS 0x0000000705c00000, 0x0000000705c00000| Untracked 
|  87|0x0000000705d00000, 0x0000000705d00000, 0x0000000705e00000|  0%| F|  |TAMS 0x0000000705d00000, 0x0000000705d00000| Untracked 
|  88|0x0000000705e00000, 0x0000000705e00000, 0x0000000705f00000|  0%| F|  |TAMS 0x0000000705e00000, 0x0000000705e00000| Untracked 
|  89|0x0000000705f00000, 0x0000000705f00000, 0x0000000706000000|  0%| F|  |TAMS 0x0000000705f00000, 0x0000000705f00000| Untracked 
|  90|0x0000000706000000, 0x0000000706000000, 0x0000000706100000|  0%| F|  |TAMS 0x0000000706000000, 0x0000000706000000| Untracked 
|  91|0x0000000706100000, 0x0000000706100000, 0x0000000706200000|  0%| F|  |TAMS 0x0000000706100000, 0x0000000706100000| Untracked 
|  92|0x0000000706200000, 0x0000000706200000, 0x0000000706300000|  0%| F|  |TAMS 0x0000000706200000, 0x0000000706200000| Untracked 
|  93|0x0000000706300000, 0x0000000706300000, 0x0000000706400000|  0%| F|  |TAMS 0x0000000706300000, 0x0000000706300000| Untracked 
|  94|0x0000000706400000, 0x0000000706400000, 0x0000000706500000|  0%| F|  |TAMS 0x0000000706400000, 0x0000000706400000| Untracked 
|  95|0x0000000706500000, 0x0000000706500000, 0x0000000706600000|  0%| F|  |TAMS 0x0000000706500000, 0x0000000706500000| Untracked 
|  96|0x0000000706600000, 0x0000000706600000, 0x0000000706700000|  0%| F|  |TAMS 0x0000000706600000, 0x0000000706600000| Untracked 
|  97|0x0000000706700000, 0x0000000706700000, 0x0000000706800000|  0%| F|  |TAMS 0x0000000706700000, 0x0000000706700000| Untracked 
|  98|0x0000000706800000, 0x0000000706800000, 0x0000000706900000|  0%| F|  |TAMS 0x0000000706800000, 0x0000000706800000| Untracked 
|  99|0x0000000706900000, 0x0000000706900000, 0x0000000706a00000|  0%| F|  |TAMS 0x0000000706900000, 0x0000000706900000| Untracked 
| 100|0x0000000706a00000, 0x0000000706a00000, 0x0000000706b00000|  0%| F|  |TAMS 0x0000000706a00000, 0x0000000706a00000| Untracked 
| 101|0x0000000706b00000, 0x0000000706b00000, 0x0000000706c00000|  0%| F|  |TAMS 0x0000000706b00000, 0x0000000706b00000| Untracked 
| 102|0x0000000706c00000, 0x0000000706c00000, 0x0000000706d00000|  0%| F|  |TAMS 0x0000000706c00000, 0x0000000706c00000| Untracked 
| 103|0x0000000706d00000, 0x0000000706d00000, 0x0000000706e00000|  0%| F|  |TAMS 0x0000000706d00000, 0x0000000706d00000| Untracked 
| 104|0x0000000706e00000, 0x0000000706e00000, 0x0000000706f00000|  0%| F|  |TAMS 0x0000000706e00000, 0x0000000706e00000| Untracked 
| 105|0x0000000706f00000, 0x0000000706f00000, 0x0000000707000000|  0%| F|  |TAMS 0x0000000706f00000, 0x0000000706f00000| Untracked 
| 106|0x0000000707000000, 0x0000000707000000, 0x0000000707100000|  0%| F|  |TAMS 0x0000000707000000, 0x0000000707000000| Untracked 
| 107|0x0000000707100000, 0x0000000707100000, 0x0000000707200000|  0%| F|  |TAMS 0x0000000707100000, 0x0000000707100000| Untracked 
| 108|0x0000000707200000, 0x0000000707200000, 0x0000000707300000|  0%| F|  |TAMS 0x0000000707200000, 0x0000000707200000| Untracked 
| 109|0x0000000707300000, 0x0000000707300000, 0x0000000707400000|  0%| F|  |TAMS 0x0000000707300000, 0x0000000707300000| Untracked 
| 110|0x0000000707400000, 0x0000000707400000, 0x0000000707500000|  0%| F|  |TAMS 0x0000000707400000, 0x0000000707400000| Untracked 
| 111|0x0000000707500000, 0x0000000707500000, 0x0000000707600000|  0%| F|  |TAMS 0x0000000707500000, 0x0000000707500000| Untracked 
| 112|0x0000000707600000, 0x0000000707600000, 0x0000000707700000|  0%| F|  |TAMS 0x0000000707600000, 0x0000000707600000| Untracked 
| 113|0x0000000707700000, 0x0000000707700000, 0x0000000707800000|  0%| F|  |TAMS 0x0000000707700000, 0x0000000707700000| Untracked 
| 114|0x0000000707800000, 0x0000000707800000, 0x0000000707900000|  0%| F|  |TAMS 0x0000000707800000, 0x0000000707800000| Untracked 
| 115|0x0000000707900000, 0x0000000707900000, 0x0000000707a00000|  0%| F|  |TAMS 0x0000000707900000, 0x0000000707900000| Untracked 
| 116|0x0000000707a00000, 0x0000000707a00000, 0x0000000707b00000|  0%| F|  |TAMS 0x0000000707a00000, 0x0000000707a00000| Untracked 
| 117|0x0000000707b00000, 0x0000000707b00000, 0x0000000707c00000|  0%| F|  |TAMS 0x0000000707b00000, 0x0000000707b00000| Untracked 
| 118|0x0000000707c00000, 0x0000000707c00000, 0x0000000707d00000|  0%| F|  |TAMS 0x0000000707c00000, 0x0000000707c00000| Untracked 
| 119|0x0000000707d00000, 0x0000000707d00000, 0x0000000707e00000|  0%| F|  |TAMS 0x0000000707d00000, 0x0000000707d00000| Untracked 
| 120|0x0000000707e00000, 0x0000000707e00000, 0x0000000707f00000|  0%| F|  |TAMS 0x0000000707e00000, 0x0000000707e00000| Untracked 
| 121|0x0000000707f00000, 0x0000000707f00000, 0x0000000708000000|  0%| F|  |TAMS 0x0000000707f00000, 0x0000000707f00000| Untracked 
| 122|0x0000000708000000, 0x0000000708000000, 0x0000000708100000|  0%| F|  |TAMS 0x0000000708000000, 0x0000000708000000| Untracked 
| 123|0x0000000708100000, 0x0000000708100000, 0x0000000708200000|  0%| F|  |TAMS 0x0000000708100000, 0x0000000708100000| Untracked 
| 124|0x0000000708200000, 0x0000000708200000, 0x0000000708300000|  0%| F|  |TAMS 0x0000000708200000, 0x0000000708200000| Untracked 
| 125|0x0000000708300000, 0x0000000708300000, 0x0000000708400000|  0%| F|  |TAMS 0x0000000708300000, 0x0000000708300000| Untracked 
| 126|0x0000000708400000, 0x0000000708400000, 0x0000000708500000|  0%| F|  |TAMS 0x0000000708400000, 0x0000000708400000| Untracked 
| 127|0x0000000708500000, 0x0000000708500000, 0x0000000708600000|  0%| F|  |TAMS 0x0000000708500000, 0x0000000708500000| Untracked 
| 128|0x0000000708600000, 0x0000000708600000, 0x0000000708700000|  0%| F|  |TAMS 0x0000000708600000, 0x0000000708600000| Untracked 
| 129|0x0000000708700000, 0x0000000708700000, 0x0000000708800000|  0%| F|  |TAMS 0x0000000708700000, 0x0000000708700000| Untracked 
| 130|0x0000000708800000, 0x0000000708800000, 0x0000000708900000|  0%| F|  |TAMS 0x0000000708800000, 0x0000000708800000| Untracked 
| 131|0x0000000708900000, 0x0000000708900000, 0x0000000708a00000|  0%| F|  |TAMS 0x0000000708900000, 0x0000000708900000| Untracked 
| 132|0x0000000708a00000, 0x0000000708a00000, 0x0000000708b00000|  0%| F|  |TAMS 0x0000000708a00000, 0x0000000708a00000| Untracked 
| 133|0x0000000708b00000, 0x0000000708b00000, 0x0000000708c00000|  0%| F|  |TAMS 0x0000000708b00000, 0x0000000708b00000| Untracked 
| 134|0x0000000708c00000, 0x0000000708c00000, 0x0000000708d00000|  0%| F|  |TAMS 0x0000000708c00000, 0x0000000708c00000| Untracked 
| 135|0x0000000708d00000, 0x0000000708d00000, 0x0000000708e00000|  0%| F|  |TAMS 0x0000000708d00000, 0x0000000708d00000| Untracked 
| 136|0x0000000708e00000, 0x0000000708e00000, 0x0000000708f00000|  0%| F|  |TAMS 0x0000000708e00000, 0x0000000708e00000| Untracked 
| 137|0x0000000708f00000, 0x0000000708f00000, 0x0000000709000000|  0%| F|  |TAMS 0x0000000708f00000, 0x0000000708f00000| Untracked 
| 138|0x0000000709000000, 0x0000000709000000, 0x0000000709100000|  0%| F|  |TAMS 0x0000000709000000, 0x0000000709000000| Untracked 
| 139|0x0000000709100000, 0x0000000709100000, 0x0000000709200000|  0%| F|  |TAMS 0x0000000709100000, 0x0000000709100000| Untracked 
| 140|0x0000000709200000, 0x0000000709200000, 0x0000000709300000|  0%| F|  |TAMS 0x0000000709200000, 0x0000000709200000| Untracked 
| 141|0x0000000709300000, 0x0000000709300000, 0x0000000709400000|  0%| F|  |TAMS 0x0000000709300000, 0x0000000709300000| Untracked 
| 142|0x0000000709400000, 0x0000000709400000, 0x0000000709500000|  0%| F|  |TAMS 0x0000000709400000, 0x0000000709400000| Untracked 
| 143|0x0000000709500000, 0x0000000709500000, 0x0000000709600000|  0%| F|  |TAMS 0x0000000709500000, 0x0000000709500000| Untracked 
| 144|0x0000000709600000, 0x0000000709600000, 0x0000000709700000|  0%| F|  |TAMS 0x0000000709600000, 0x0000000709600000| Untracked 
| 145|0x0000000709700000, 0x0000000709700000, 0x0000000709800000|  0%| F|  |TAMS 0x0000000709700000, 0x0000000709700000| Untracked 
| 146|0x0000000709800000, 0x0000000709800000, 0x0000000709900000|  0%| F|  |TAMS 0x0000000709800000, 0x0000000709800000| Untracked 
| 147|0x0000000709900000, 0x0000000709900000, 0x0000000709a00000|  0%| F|  |TAMS 0x0000000709900000, 0x0000000709900000| Untracked 
| 148|0x0000000709a00000, 0x0000000709a00000, 0x0000000709b00000|  0%| F|  |TAMS 0x0000000709a00000, 0x0000000709a00000| Untracked 
| 149|0x0000000709b00000, 0x0000000709b00000, 0x0000000709c00000|  0%| F|  |TAMS 0x0000000709b00000, 0x0000000709b00000| Untracked 
| 150|0x0000000709c00000, 0x0000000709c00000, 0x0000000709d00000|  0%| F|  |TAMS 0x0000000709c00000, 0x0000000709c00000| Untracked 
| 151|0x0000000709d00000, 0x0000000709d00000, 0x0000000709e00000|  0%| F|  |TAMS 0x0000000709d00000, 0x0000000709d00000| Untracked 
| 152|0x0000000709e00000, 0x0000000709e00000, 0x0000000709f00000|  0%| F|  |TAMS 0x0000000709e00000, 0x0000000709e00000| Untracked 
| 153|0x0000000709f00000, 0x0000000709f00000, 0x000000070a000000|  0%| F|  |TAMS 0x0000000709f00000, 0x0000000709f00000| Untracked 
| 154|0x000000070a000000, 0x000000070a000000, 0x000000070a100000|  0%| F|  |TAMS 0x000000070a000000, 0x000000070a000000| Untracked 
| 155|0x000000070a100000, 0x000000070a100000, 0x000000070a200000|  0%| F|  |TAMS 0x000000070a100000, 0x000000070a100000| Untracked 
| 156|0x000000070a200000, 0x000000070a200000, 0x000000070a300000|  0%| F|  |TAMS 0x000000070a200000, 0x000000070a200000| Untracked 
| 157|0x000000070a300000, 0x000000070a300000, 0x000000070a400000|  0%| F|  |TAMS 0x000000070a300000, 0x000000070a300000| Untracked 
| 158|0x000000070a400000, 0x000000070a400000, 0x000000070a500000|  0%| F|  |TAMS 0x000000070a400000, 0x000000070a400000| Untracked 
| 159|0x000000070a500000, 0x000000070a500000, 0x000000070a600000|  0%| F|  |TAMS 0x000000070a500000, 0x000000070a500000| Untracked 
| 160|0x000000070a600000, 0x000000070a600000, 0x000000070a700000|  0%| F|  |TAMS 0x000000070a600000, 0x000000070a600000| Untracked 
| 161|0x000000070a700000, 0x000000070a700000, 0x000000070a800000|  0%| F|  |TAMS 0x000000070a700000, 0x000000070a700000| Untracked 
| 162|0x000000070a800000, 0x000000070a800000, 0x000000070a900000|  0%| F|  |TAMS 0x000000070a800000, 0x000000070a800000| Untracked 
| 163|0x000000070a900000, 0x000000070a900000, 0x000000070aa00000|  0%| F|  |TAMS 0x000000070a900000, 0x000000070a900000| Untracked 
| 164|0x000000070aa00000, 0x000000070aa00000, 0x000000070ab00000|  0%| F|  |TAMS 0x000000070aa00000, 0x000000070aa00000| Untracked 
| 165|0x000000070ab00000, 0x000000070ab00000, 0x000000070ac00000|  0%| F|  |TAMS 0x000000070ab00000, 0x000000070ab00000| Untracked 
| 166|0x000000070ac00000, 0x000000070ac00000, 0x000000070ad00000|  0%| F|  |TAMS 0x000000070ac00000, 0x000000070ac00000| Untracked 
| 167|0x000000070ad00000, 0x000000070ad00000, 0x000000070ae00000|  0%| F|  |TAMS 0x000000070ad00000, 0x000000070ad00000| Untracked 
| 168|0x000000070ae00000, 0x000000070ae00000, 0x000000070af00000|  0%| F|  |TAMS 0x000000070ae00000, 0x000000070ae00000| Untracked 
| 169|0x000000070af00000, 0x000000070af00000, 0x000000070b000000|  0%| F|  |TAMS 0x000000070af00000, 0x000000070af00000| Untracked 
| 170|0x000000070b000000, 0x000000070b000000, 0x000000070b100000|  0%| F|  |TAMS 0x000000070b000000, 0x000000070b000000| Untracked 
| 171|0x000000070b100000, 0x000000070b100000, 0x000000070b200000|  0%| F|  |TAMS 0x000000070b100000, 0x000000070b100000| Untracked 
| 172|0x000000070b200000, 0x000000070b200000, 0x000000070b300000|  0%| F|  |TAMS 0x000000070b200000, 0x000000070b200000| Untracked 
| 173|0x000000070b300000, 0x000000070b300000, 0x000000070b400000|  0%| F|  |TAMS 0x000000070b300000, 0x000000070b300000| Untracked 
| 174|0x000000070b400000, 0x000000070b400000, 0x000000070b500000|  0%| F|  |TAMS 0x000000070b400000, 0x000000070b400000| Untracked 
| 175|0x000000070b500000, 0x000000070b500000, 0x000000070b600000|  0%| F|  |TAMS 0x000000070b500000, 0x000000070b500000| Untracked 
| 176|0x000000070b600000, 0x000000070b600000, 0x000000070b700000|  0%| F|  |TAMS 0x000000070b600000, 0x000000070b600000| Untracked 
| 177|0x000000070b700000, 0x000000070b700000, 0x000000070b800000|  0%| F|  |TAMS 0x000000070b700000, 0x000000070b700000| Untracked 
| 178|0x000000070b800000, 0x000000070b800000, 0x000000070b900000|  0%| F|  |TAMS 0x000000070b800000, 0x000000070b800000| Untracked 
| 179|0x000000070b900000, 0x000000070b900000, 0x000000070ba00000|  0%| F|  |TAMS 0x000000070b900000, 0x000000070b900000| Untracked 
| 180|0x000000070ba00000, 0x000000070ba00000, 0x000000070bb00000|  0%| F|  |TAMS 0x000000070ba00000, 0x000000070ba00000| Untracked 
| 181|0x000000070bb00000, 0x000000070bb00000, 0x000000070bc00000|  0%| F|  |TAMS 0x000000070bb00000, 0x000000070bb00000| Untracked 
| 182|0x000000070bc00000, 0x000000070bc00000, 0x000000070bd00000|  0%| F|  |TAMS 0x000000070bc00000, 0x000000070bc00000| Untracked 
| 183|0x000000070bd00000, 0x000000070bd00000, 0x000000070be00000|  0%| F|  |TAMS 0x000000070bd00000, 0x000000070bd00000| Untracked 
| 184|0x000000070be00000, 0x000000070be00000, 0x000000070bf00000|  0%| F|  |TAMS 0x000000070be00000, 0x000000070be00000| Untracked 
| 185|0x000000070bf00000, 0x000000070bf00000, 0x000000070c000000|  0%| F|  |TAMS 0x000000070bf00000, 0x000000070bf00000| Untracked 
| 186|0x000000070c000000, 0x000000070c000000, 0x000000070c100000|  0%| F|  |TAMS 0x000000070c000000, 0x000000070c000000| Untracked 
| 187|0x000000070c100000, 0x000000070c100000, 0x000000070c200000|  0%| F|  |TAMS 0x000000070c100000, 0x000000070c100000| Untracked 
| 188|0x000000070c200000, 0x000000070c200000, 0x000000070c300000|  0%| F|  |TAMS 0x000000070c200000, 0x000000070c200000| Untracked 
| 189|0x000000070c300000, 0x000000070c300000, 0x000000070c400000|  0%| F|  |TAMS 0x000000070c300000, 0x000000070c300000| Untracked 
| 190|0x000000070c400000, 0x000000070c400000, 0x000000070c500000|  0%| F|  |TAMS 0x000000070c400000, 0x000000070c400000| Untracked 
| 191|0x000000070c500000, 0x000000070c500000, 0x000000070c600000|  0%| F|  |TAMS 0x000000070c500000, 0x000000070c500000| Untracked 
| 192|0x000000070c600000, 0x000000070c600000, 0x000000070c700000|  0%| F|  |TAMS 0x000000070c600000, 0x000000070c600000| Untracked 
| 193|0x000000070c700000, 0x000000070c700000, 0x000000070c800000|  0%| F|  |TAMS 0x000000070c700000, 0x000000070c700000| Untracked 
| 194|0x000000070c800000, 0x000000070c800000, 0x000000070c900000|  0%| F|  |TAMS 0x000000070c800000, 0x000000070c800000| Untracked 
| 195|0x000000070c900000, 0x000000070c900000, 0x000000070ca00000|  0%| F|  |TAMS 0x000000070c900000, 0x000000070c900000| Untracked 
| 196|0x000000070ca00000, 0x000000070ca00000, 0x000000070cb00000|  0%| F|  |TAMS 0x000000070ca00000, 0x000000070ca00000| Untracked 
| 197|0x000000070cb00000, 0x000000070cb00000, 0x000000070cc00000|  0%| F|  |TAMS 0x000000070cb00000, 0x000000070cb00000| Untracked 
| 198|0x000000070cc00000, 0x000000070cc00000, 0x000000070cd00000|  0%| F|  |TAMS 0x000000070cc00000, 0x000000070cc00000| Untracked 
| 199|0x000000070cd00000, 0x000000070cd00000, 0x000000070ce00000|  0%| F|  |TAMS 0x000000070cd00000, 0x000000070cd00000| Untracked 
| 200|0x000000070ce00000, 0x000000070ce00000, 0x000000070cf00000|  0%| F|  |TAMS 0x000000070ce00000, 0x000000070ce00000| Untracked 
| 201|0x000000070cf00000, 0x000000070cf00000, 0x000000070d000000|  0%| F|  |TAMS 0x000000070cf00000, 0x000000070cf00000| Untracked 
| 202|0x000000070d000000, 0x000000070d000000, 0x000000070d100000|  0%| F|  |TAMS 0x000000070d000000, 0x000000070d000000| Untracked 
| 203|0x000000070d100000, 0x000000070d100000, 0x000000070d200000|  0%| F|  |TAMS 0x000000070d100000, 0x000000070d100000| Untracked 
| 204|0x000000070d200000, 0x000000070d200000, 0x000000070d300000|  0%| F|  |TAMS 0x000000070d200000, 0x000000070d200000| Untracked 
| 205|0x000000070d300000, 0x000000070d300000, 0x000000070d400000|  0%| F|  |TAMS 0x000000070d300000, 0x000000070d300000| Untracked 
| 206|0x000000070d400000, 0x000000070d400000, 0x000000070d500000|  0%| F|  |TAMS 0x000000070d400000, 0x000000070d400000| Untracked 
| 207|0x000000070d500000, 0x000000070d500000, 0x000000070d600000|  0%| F|  |TAMS 0x000000070d500000, 0x000000070d500000| Untracked 
| 208|0x000000070d600000, 0x000000070d600000, 0x000000070d700000|  0%| F|  |TAMS 0x000000070d600000, 0x000000070d600000| Untracked 
| 209|0x000000070d700000, 0x000000070d700000, 0x000000070d800000|  0%| F|  |TAMS 0x000000070d700000, 0x000000070d700000| Untracked 
| 210|0x000000070d800000, 0x000000070d800000, 0x000000070d900000|  0%| F|  |TAMS 0x000000070d800000, 0x000000070d800000| Untracked 
| 211|0x000000070d900000, 0x000000070d900000, 0x000000070da00000|  0%| F|  |TAMS 0x000000070d900000, 0x000000070d900000| Untracked 
| 212|0x000000070da00000, 0x000000070da00000, 0x000000070db00000|  0%| F|  |TAMS 0x000000070da00000, 0x000000070da00000| Untracked 
| 213|0x000000070db00000, 0x000000070db00000, 0x000000070dc00000|  0%| F|  |TAMS 0x000000070db00000, 0x000000070db00000| Untracked 
| 214|0x000000070dc00000, 0x000000070dc00000, 0x000000070dd00000|  0%| F|  |TAMS 0x000000070dc00000, 0x000000070dc00000| Untracked 
| 215|0x000000070dd00000, 0x000000070dd00000, 0x000000070de00000|  0%| F|  |TAMS 0x000000070dd00000, 0x000000070dd00000| Untracked 
| 216|0x000000070de00000, 0x000000070de00000, 0x000000070df00000|  0%| F|  |TAMS 0x000000070de00000, 0x000000070de00000| Untracked 
| 217|0x000000070df00000, 0x000000070df00000, 0x000000070e000000|  0%| F|  |TAMS 0x000000070df00000, 0x000000070df00000| Untracked 
| 218|0x000000070e000000, 0x000000070e000000, 0x000000070e100000|  0%| F|  |TAMS 0x000000070e000000, 0x000000070e000000| Untracked 
| 219|0x000000070e100000, 0x000000070e100000, 0x000000070e200000|  0%| F|  |TAMS 0x000000070e100000, 0x000000070e100000| Untracked 
| 220|0x000000070e200000, 0x000000070e200000, 0x000000070e300000|  0%| F|  |TAMS 0x000000070e200000, 0x000000070e200000| Untracked 
| 221|0x000000070e300000, 0x000000070e300000, 0x000000070e400000|  0%| F|  |TAMS 0x000000070e300000, 0x000000070e300000| Untracked 
| 222|0x000000070e400000, 0x000000070e400000, 0x000000070e500000|  0%| F|  |TAMS 0x000000070e400000, 0x000000070e400000| Untracked 
| 223|0x000000070e500000, 0x000000070e500000, 0x000000070e600000|  0%| F|  |TAMS 0x000000070e500000, 0x000000070e500000| Untracked 
| 224|0x000000070e600000, 0x000000070e600000, 0x000000070e700000|  0%| F|  |TAMS 0x000000070e600000, 0x000000070e600000| Untracked 
| 225|0x000000070e700000, 0x000000070e700000, 0x000000070e800000|  0%| F|  |TAMS 0x000000070e700000, 0x000000070e700000| Untracked 
| 226|0x000000070e800000, 0x000000070e800000, 0x000000070e900000|  0%| F|  |TAMS 0x000000070e800000, 0x000000070e800000| Untracked 
| 227|0x000000070e900000, 0x000000070e900000, 0x000000070ea00000|  0%| F|  |TAMS 0x000000070e900000, 0x000000070e900000| Untracked 
| 228|0x000000070ea00000, 0x000000070ea80800, 0x000000070eb00000| 50%| E|  |TAMS 0x000000070ea00000, 0x000000070ea00000| Complete 
| 229|0x000000070eb00000, 0x000000070ebf8d68, 0x000000070ec00000| 97%| S|CS|TAMS 0x000000070eb00000, 0x000000070eb00000| Complete 
| 230|0x000000070ec00000, 0x000000070ed00000, 0x000000070ed00000|100%| S|CS|TAMS 0x000000070ec00000, 0x000000070ec00000| Complete 
| 231|0x000000070ed00000, 0x000000070ee00000, 0x000000070ee00000|100%| S|CS|TAMS 0x000000070ed00000, 0x000000070ed00000| Complete 
| 232|0x000000070ee00000, 0x000000070ef00000, 0x000000070ef00000|100%| E|CS|TAMS 0x000000070ee00000, 0x000000070ee00000| Complete 
| 233|0x000000070ef00000, 0x000000070f000000, 0x000000070f000000|100%| E|CS|TAMS 0x000000070ef00000, 0x000000070ef00000| Complete 
| 234|0x000000070f000000, 0x000000070f100000, 0x000000070f100000|100%| E|CS|TAMS 0x000000070f000000, 0x000000070f000000| Complete 
| 235|0x000000070f100000, 0x000000070f200000, 0x000000070f200000|100%| E|CS|TAMS 0x000000070f100000, 0x000000070f100000| Complete 
| 236|0x000000070f200000, 0x000000070f300000, 0x000000070f300000|100%| E|CS|TAMS 0x000000070f200000, 0x000000070f200000| Complete 
| 237|0x000000070f300000, 0x000000070f400000, 0x000000070f400000|100%| E|CS|TAMS 0x000000070f300000, 0x000000070f300000| Complete 
| 238|0x000000070f400000, 0x000000070f500000, 0x000000070f500000|100%| E|CS|TAMS 0x000000070f400000, 0x000000070f400000| Complete 
| 239|0x000000070f500000, 0x000000070f600000, 0x000000070f600000|100%| E|CS|TAMS 0x000000070f500000, 0x000000070f500000| Complete 
| 240|0x000000070f600000, 0x000000070f700000, 0x000000070f700000|100%| E|CS|TAMS 0x000000070f600000, 0x000000070f600000| Complete 
| 241|0x000000070f700000, 0x000000070f800000, 0x000000070f800000|100%| E|CS|TAMS 0x000000070f700000, 0x000000070f700000| Complete 
| 242|0x000000070f800000, 0x000000070f900000, 0x000000070f900000|100%| E|CS|TAMS 0x000000070f800000, 0x000000070f800000| Complete 
| 243|0x000000070f900000, 0x000000070fa00000, 0x000000070fa00000|100%| E|CS|TAMS 0x000000070f900000, 0x000000070f900000| Complete 
| 244|0x000000070fa00000, 0x000000070fb00000, 0x000000070fb00000|100%| E|CS|TAMS 0x000000070fa00000, 0x000000070fa00000| Complete 
| 245|0x000000070fb00000, 0x000000070fc00000, 0x000000070fc00000|100%| E|CS|TAMS 0x000000070fb00000, 0x000000070fb00000| Complete 
| 246|0x000000070fc00000, 0x000000070fd00000, 0x000000070fd00000|100%| E|CS|TAMS 0x000000070fc00000, 0x000000070fc00000| Complete 
| 247|0x000000070fd00000, 0x000000070fe00000, 0x000000070fe00000|100%| E|CS|TAMS 0x000000070fd00000, 0x000000070fd00000| Complete 
| 248|0x000000070fe00000, 0x000000070ff00000, 0x000000070ff00000|100%| E|CS|TAMS 0x000000070fe00000, 0x000000070fe00000| Complete 
| 249|0x000000070ff00000, 0x0000000710000000, 0x0000000710000000|100%| E|CS|TAMS 0x000000070ff00000, 0x000000070ff00000| Complete 
| 250|0x0000000710000000, 0x0000000710100000, 0x0000000710100000|100%| E|CS|TAMS 0x0000000710000000, 0x0000000710000000| Complete 
| 251|0x0000000710100000, 0x0000000710200000, 0x0000000710200000|100%| E|CS|TAMS 0x0000000710100000, 0x0000000710100000| Complete 
| 252|0x0000000710200000, 0x0000000710300000, 0x0000000710300000|100%| E|CS|TAMS 0x0000000710200000, 0x0000000710200000| Complete 
| 253|0x0000000710300000, 0x0000000710400000, 0x0000000710400000|100%| E|CS|TAMS 0x0000000710300000, 0x0000000710300000| Complete 
| 254|0x0000000710400000, 0x0000000710500000, 0x0000000710500000|100%| E|CS|TAMS 0x0000000710400000, 0x0000000710400000| Complete 
| 255|0x0000000710500000, 0x0000000710600000, 0x0000000710600000|100%| E|CS|TAMS 0x0000000710500000, 0x0000000710500000| Complete 

Card table byte_map: [0x000001e417590000,0x000001e417d90000] _byte_map_base: 0x000001e413d8d000

Marking Bits (Prev, Next): (CMBitMap*) 0x000001e47ee7b4e8, (CMBitMap*) 0x000001e47ee7b520
 Prev Bits: [0x000001e418590000, 0x000001e41c578000)
 Next Bits: [0x000001e41c580000, 0x000001e420568000)

Polling page: 0x000001e47cc60000

Metaspace:

Usage:
  Non-class:     17.70 MB capacity,    17.54 MB (>99%) used,   130.27 KB ( <1%) free+waste,    28.75 KB ( <1%) overhead. 
      Class:      2.06 MB capacity,     1.96 MB ( 95%) used,    82.59 KB (  4%) free+waste,    12.25 KB ( <1%) overhead. 
       Both:     19.75 MB capacity,    19.51 MB ( 99%) used,   212.87 KB (  1%) free+waste,    41.00 KB ( <1%) overhead. 

Virtual space:
  Non-class space:       18.00 MB reserved,      17.75 MB ( 99%) committed 
      Class space:        1.00 GB reserved,       2.13 MB ( <1%) committed 
             Both:        1.02 GB reserved,      19.88 MB (  2%) committed 

Chunk freelists:
   Non-Class:  55.00 KB
       Class:  5.00 KB
        Both:  60.00 KB

MaxMetaspaceSize: 17179869184.00 GB
CompressedClassSpaceSize: 1.00 GB

CodeHeap 'non-profiled nmethods': size=120000Kb used=372Kb max_used=372Kb free=119627Kb
 bounds [0x000001e410060000, 0x000001e4102d0000, 0x000001e417590000]
CodeHeap 'profiled nmethods': size=120000Kb used=2013Kb max_used=2013Kb free=117986Kb
 bounds [0x000001e408b30000, 0x000001e408da0000, 0x000001e410060000]
CodeHeap 'non-nmethods': size=5760Kb used=1138Kb max_used=1155Kb free=4621Kb
 bounds [0x000001e408590000, 0x000001e408800000, 0x000001e408b30000]
 total_blobs=2113 nmethods=1081 adapters=377
 compilation: enabled
              stopped_count=0, restarted_count=0
 full_count=0

Compilation events (20 events):
Event: 3.789 Thread 0x000001e4244ee800 nmethod 1074 0x000001e4100bc590 code [0x000001e4100bc720, 0x000001e4100bc7d8]
Event: 3.795 Thread 0x000001e4234b5000 1076       3       java.util.jar.Attributes::putValue (13 bytes)
Event: 3.795 Thread 0x000001e4234b5000 nmethod 1076 0x000001e408d22090 code [0x000001e408d22300, 0x000001e408d22e10]
Event: 3.795 Thread 0x000001e4234b5000 1077       3       java.util.jar.Attributes$Name::of (28 bytes)
Event: 3.796 Thread 0x000001e4234b5000 nmethod 1077 0x000001e408d23190 code [0x000001e408d233c0, 0x000001e408d23b00]
Event: 3.796 Thread 0x000001e4234b5000 1078       3       java.util.jar.Attributes::put (18 bytes)
Event: 3.796 Thread 0x000001e4234b5000 nmethod 1078 0x000001e408d23d90 code [0x000001e408d23f60, 0x000001e408d24390]
Event: 3.796 Thread 0x000001e4234b5000 1079       1       java.lang.ClassLoader::getUnnamedModule (5 bytes)
Event: 3.796 Thread 0x000001e4234b5000 nmethod 1079 0x000001e4100bc910 code [0x000001e4100bcac0, 0x000001e4100bcbd8]
Event: 3.797 Thread 0x000001e4244ee800 1080   !   4       java.net.URL::<init> (543 bytes)
Event: 3.809 Thread 0x000001e4234b5000 1082       3       java.util.regex.Pattern$Node::<init> (12 bytes)
Event: 3.809 Thread 0x000001e4234b5000 nmethod 1082 0x000001e408d24490 code [0x000001e408d24640, 0x000001e408d24878]
Event: 3.814 Thread 0x000001e4234b5000 1083       3       jdk.internal.org.objectweb.asm.MethodWriter::visitInsn (114 bytes)
Event: 3.815 Thread 0x000001e4234b5000 nmethod 1083 0x000001e408d24910 code [0x000001e408d24b00, 0x000001e408d24f90]
Event: 3.815 Thread 0x000001e4234b5000 1084       3       java.lang.invoke.InnerClassLambdaMetafactory::getLoadOpcode (25 bytes)
Event: 3.816 Thread 0x000001e4234b5000 nmethod 1084 0x000001e408d25110 code [0x000001e408d252e0, 0x000001e408d25520]
Event: 3.816 Thread 0x000001e4234b5000 1085       3       java.lang.invoke.InnerClassLambdaMetafactory::getParameterSize (27 bytes)
Event: 3.816 Thread 0x000001e4234b5000 nmethod 1085 0x000001e408d25610 code [0x000001e408d257c0, 0x000001e408d259f8]
Event: 3.818 Thread 0x000001e4234b5000 1086       3       java.lang.StringBuilder::append (8 bytes)
Event: 3.818 Thread 0x000001e4234b5000 nmethod 1086 0x000001e408d25a90 code [0x000001e408d25c40, 0x000001e408d25df0]

GC Heap History (2 events):
Event: 0.632 GC heap before
{Heap before GC invocations=0 (full 0):
 garbage-first heap   total 262144K, used 23552K [0x0000000700600000, 0x0000000800000000)
  region size 1024K, 24 young (24576K), 0 survivors (0K)
 Metaspace       used 14079K, capacity 14268K, committed 14592K, reserved 1062912K
  class space    used 1334K, capacity 1419K, committed 1536K, reserved 1048576K
}
Event: 0.636 GC heap after
{Heap after GC invocations=1 (full 0):
 garbage-first heap   total 262144K, used 3043K [0x0000000700600000, 0x0000000800000000)
  region size 1024K, 3 young (3072K), 3 survivors (3072K)
 Metaspace       used 14079K, capacity 14268K, committed 14592K, reserved 1062912K
  class space    used 1334K, capacity 1419K, committed 1536K, reserved 1048576K
}

Deoptimization events (20 events):
Event: 3.721 Thread 0x000001e4240a4800 DEOPT PACKING pc=0x000001e408d16772 sp=0x0000007cf6ffcca0
Event: 3.721 Thread 0x000001e4240a4800 DEOPT UNPACKING pc=0x000001e4085b8f4e sp=0x0000007cf6ffc128 mode 0
Event: 3.721 Thread 0x000001e4240a4800 DEOPT PACKING pc=0x000001e408d16772 sp=0x0000007cf6ffcca0
Event: 3.721 Thread 0x000001e4240a4800 DEOPT UNPACKING pc=0x000001e4085b8f4e sp=0x0000007cf6ffc128 mode 0
Event: 3.721 Thread 0x000001e4240a4800 DEOPT PACKING pc=0x000001e408d16772 sp=0x0000007cf6ffcca0
Event: 3.721 Thread 0x000001e4240a4800 DEOPT UNPACKING pc=0x000001e4085b8f4e sp=0x0000007cf6ffc128 mode 0
Event: 3.721 Thread 0x000001e4240a4800 DEOPT PACKING pc=0x000001e408d16772 sp=0x0000007cf6ffcca0
Event: 3.721 Thread 0x000001e4240a4800 DEOPT UNPACKING pc=0x000001e4085b8f4e sp=0x0000007cf6ffc128 mode 0
Event: 3.814 Thread 0x000001e4240a4800 Uncommon trap: trap_request=0xffffff4d fr.pc=0x000001e4100715f0 relative=0x0000000000000430
Event: 3.814 Thread 0x000001e4240a4800 Uncommon trap: reason=unstable_if action=reinterpret pc=0x000001e4100715f0 method=java.lang.StringLatin1.canEncode(I)Z @ 4 c2
Event: 3.814 Thread 0x000001e4240a4800 DEOPT PACKING pc=0x000001e4100715f0 sp=0x0000007cf6ffba90
Event: 3.814 Thread 0x000001e4240a4800 DEOPT UNPACKING pc=0x000001e4085b912f sp=0x0000007cf6ffb9a8 mode 2
Event: 3.814 Thread 0x000001e4240a4800 Uncommon trap: trap_request=0xffffff4d fr.pc=0x000001e41007304c relative=0x000000000000040c
Event: 3.814 Thread 0x000001e4240a4800 Uncommon trap: reason=unstable_if action=reinterpret pc=0x000001e41007304c method=java.lang.AbstractStringBuilder.isLatin1()Z @ 10 c2
Event: 3.814 Thread 0x000001e4240a4800 DEOPT PACKING pc=0x000001e41007304c sp=0x0000007cf6ffbaa0
Event: 3.814 Thread 0x000001e4240a4800 DEOPT UNPACKING pc=0x000001e4085b912f sp=0x0000007cf6ffba20 mode 2
Event: 3.818 Thread 0x000001e4240a4800 Uncommon trap: trap_request=0xffffff4d fr.pc=0x000001e4100697d4 relative=0x0000000000000034
Event: 3.818 Thread 0x000001e4240a4800 Uncommon trap: reason=unstable_if action=reinterpret pc=0x000001e4100697d4 method=java.lang.StringLatin1.canEncode(I)Z @ 4 c2
Event: 3.818 Thread 0x000001e4240a4800 DEOPT PACKING pc=0x000001e4100697d4 sp=0x0000007cf6ffba20
Event: 3.818 Thread 0x000001e4240a4800 DEOPT UNPACKING pc=0x000001e4085b912f sp=0x0000007cf6ffb9b0 mode 2

Classes redefined (0 events):
No events

Internal exceptions (19 events):
Event: 0.237 Thread 0x000001e47ee13800 Exception <a 'java/lang/NoSuchMethodError'{0x0000000710291b90}: 'void java.lang.invoke.DirectMethodHandle$Holder.invokeStaticInit(java.lang.Object, java.lang.Object)'> (0x0000000710291b90) thrown at [./src/hotspot/share/interpreter/linkResolver.cpp, line 773]
Event: 0.241 Thread 0x000001e47ee13800 Exception <a 'java/lang/NoSuchMethodError'{0x00000007102c6028}: 'void java.lang.invoke.DirectMethodHandle$Holder.invokeStaticInit(java.lang.Object, java.lang.Object, java.lang.Object, java.lang.Object)'> (0x00000007102c6028) thrown at [./src/hotspot/share/interpreter/linkResolver.cpp, line 773]
Event: 0.305 Thread 0x000001e47ee13800 Exception <a 'java/lang/NoSuchMethodError'{0x000000070ff4ffb8}: 'java.lang.Object java.lang.invoke.DirectMethodHandle$Holder.invokeStaticInit(java.lang.Object, java.lang.Object, java.lang.Object)'> (0x000000070ff4ffb8) thrown at [./src/hotspot/share/interpreter/linkResolver.cpp, line 773]
Event: 0.338 Thread 0x000001e47ee13800 Exception <a 'java/lang/NoSuchMethodError'{0x000000070fe812b0}: 'void java.lang.invoke.DirectMethodHandle$Holder.invokeStaticInit(java.lang.Object)'> (0x000000070fe812b0) thrown at [./src/hotspot/share/interpreter/linkResolver.cpp, line 773]
Event: 0.371 Thread 0x000001e47ee13800 Exception <a 'sun/nio/fs/WindowsException'{0x000000070fc1a7a8}> (0x000000070fc1a7a8) thrown at [./src/hotspot/share/prims/jni.cpp, line 615]
Event: 0.372 Thread 0x000001e47ee13800 Exception <a 'sun/nio/fs/WindowsException'{0x000000070fc1dc98}> (0x000000070fc1dc98) thrown at [./src/hotspot/share/prims/jni.cpp, line 615]
Event: 0.374 Thread 0x000001e47ee13800 Exception <a 'sun/nio/fs/WindowsException'{0x000000070fc21998}> (0x000000070fc21998) thrown at [./src/hotspot/share/prims/jni.cpp, line 615]
Event: 0.401 Thread 0x000001e47ee13800 Exception <a 'java/lang/NoSuchMethodError'{0x000000070fb13998}: 'int java.lang.invoke.DirectMethodHandle$Holder.invokeStaticInit(java.lang.Object, java.lang.Object)'> (0x000000070fb13998) thrown at [./src/hotspot/share/interpreter/linkResolver.cpp, line 773]
Event: 0.402 Thread 0x000001e47ee13800 Exception <a 'java/lang/NoSuchMethodError'{0x000000070fb19238}: 'void java.lang.invoke.DirectMethodHandle$Holder.invokeStaticInit(java.lang.Object, java.lang.Object, java.lang.Object)'> (0x000000070fb19238) thrown at [./src/hotspot/share/interpreter/linkResolver.cpp, line 773]
Event: 0.486 Thread 0x000001e47ee13800 Exception <a 'java/lang/NoSuchMethodError'{0x000000070f793960}: 'long java.lang.invoke.DirectMethodHandle$Holder.invokeStatic(java.lang.Object, long, long)'> (0x000000070f793960) thrown at [./src/hotspot/share/interpreter/linkResolver.cpp, line 773]
Event: 0.553 Thread 0x000001e47ee13800 Exception <a 'java/lang/NoSuchMethodError'{0x000000070f389840}: 'int java.lang.invoke.DirectMethodHandle$Holder.invokeInterface(java.lang.Object, java.lang.Object)'> (0x000000070f389840) thrown at [./src/hotspot/share/interpreter/linkResolver.cpp, line 773]
Event: 0.561 Thread 0x000001e47ee13800 Exception <a 'java/lang/NoSuchMethodError'{0x000000070f3a4460}: 'int java.lang.invoke.DirectMethodHandle$Holder.invokeSpecialIFC(java.lang.Object, java.lang.Object, int)'> (0x000000070f3a4460) thrown at [./src/hotspot/share/interpreter/linkResolver.cpp, line 773]
Event: 0.572 Thread 0x000001e47ee13800 Exception <a 'java/lang/NoSuchMethodError'{0x000000070f011cc8}: 'java.lang.Object java.lang.invoke.DirectMethodHandle$Holder.invokeStaticInit(java.lang.Object, int, int, int, int)'> (0x000000070f011cc8) thrown at [./src/hotspot/share/interpreter/linkResolver.cpp, line 773]
Event: 0.819 Thread 0x000001e47ee13800 Exception <a 'java/lang/NoSuchMethodError'{0x0000000710549fa8}: 'java.lang.Object java.lang.invoke.DirectMethodHandle$Holder.invokeStaticInit(java.lang.Object, java.lang.Object, int, int, int, int)'> (0x0000000710549fa8) thrown at [./src/hotspot/share/interpreter/linkResolver.cpp, line 773]
Event: 0.826 Thread 0x000001e47ee13800 Exception <a 'java/lang/NoSuchMethodError'{0x00000007105530f0}: 'void java.lang.invoke.DirectMethodHandle$Holder.invokeInterface(java.lang.Object, java.lang.Object)'> (0x00000007105530f0) thrown at [./src/hotspot/share/interpreter/linkResolver.cpp, line 773]
Event: 0.839 Thread 0x000001e47ee13800 Exception <a 'java/lang/NoSuchMethodError'{0x000000071057e2d0}: 'void java.lang.invoke.DirectMethodHandle$Holder.invokeSpecial(java.lang.Object, java.lang.Object)'> (0x000000071057e2d0) thrown at [./src/hotspot/share/interpreter/linkResolver.cpp, line 773]
Event: 3.575 Thread 0x000001e424310000 Exception <a 'java/lang/NoSuchMethodError'{0x000000070fdc4b80}: 'void java.lang.invoke.DirectMethodHandle$Holder.invokeSpecial(java.lang.Object, java.lang.Object, int)'> (0x000000070fdc4b80) thrown at [./src/hotspot/share/interpreter/linkResolver.cpp, line 773]
Event: 3.615 Thread 0x000001e424310000 Exception <a 'java/lang/NoSuchMethodError'{0x000000070fba76b0}: 'int java.lang.invoke.DirectMethodHandle$Holder.invokeStaticInit(java.lang.Object)'> (0x000000070fba76b0) thrown at [./src/hotspot/share/interpreter/linkResolver.cpp, line 773]
Event: 3.620 Thread 0x000001e424310000 Exception <a 'java/lang/NoSuchMethodError'{0x000000070fbe22e0}: 'void java.lang.invoke.DirectMethodHandle$Holder.invokeVirtual(java.lang.Object, java.lang.Object)'> (0x000000070fbe22e0) thrown at [./src/hotspot/share/interpreter/linkResolver.cpp, line 773]

Events (20 events):
Event: 3.816 loading class java/text/DecimalFormat
Event: 3.816 loading class java/text/DecimalFormat done
Event: 3.817 loading class java/text/FieldPosition
Event: 3.817 loading class java/text/FieldPosition done
Event: 3.817 loading class java/text/DigitList
Event: 3.817 loading class java/text/DigitList done
Event: 3.817 loading class java/util/Date
Event: 3.817 loading class java/util/Date done
Event: 3.818 loading class com/fasterxml/jackson/core/Base64Variants
Event: 3.818 loading class com/fasterxml/jackson/core/Base64Variants done
Event: 3.818 loading class com/fasterxml/jackson/core/Base64Variant
Event: 3.818 loading class com/fasterxml/jackson/core/Base64Variant done
Event: 3.821 loading class com/fasterxml/jackson/core/io/DataOutputAsStream
Event: 3.821 loading class com/fasterxml/jackson/core/io/DataOutputAsStream done
Event: 3.821 loading class com/fasterxml/jackson/core/SerializableString
Event: 3.821 loading class com/fasterxml/jackson/core/SerializableString done
Event: 3.822 loading class com/fasterxml/jackson/core/TSFBuilder
Event: 3.822 loading class com/fasterxml/jackson/core/TSFBuilder done
Event: 3.822 loading class com/fasterxml/jackson/core/JsonFactoryBuilder
Event: 3.822 loading class com/fasterxml/jackson/core/JsonFactoryBuilder done


Dynamic libraries:
0x00007ff653ad0000 - 0x00007ff653add000 	C:\Program Files\AdoptOpenJDK\jdk-11.0.7.10-hotspot\bin\java.exe
0x00007ffd74be0000 - 0x00007ffd74dd0000 	C:\WINDOWS\SYSTEM32\ntdll.dll
0x00007ffd73450000 - 0x00007ffd73502000 	C:\WINDOWS\System32\KERNEL32.DLL
0x00007ffd725f0000 - 0x00007ffd72893000 	C:\WINDOWS\System32\KERNELBASE.dll
0x00007ffd71d10000 - 0x00007ffd71e0a000 	C:\WINDOWS\System32\ucrtbase.dll
0x00007ffd65630000 - 0x00007ffd65645000 	C:\Program Files\AdoptOpenJDK\jdk-11.0.7.10-hotspot\bin\VCRUNTIME140.dll
0x00007ffd63370000 - 0x00007ffd63387000 	C:\Program Files\AdoptOpenJDK\jdk-11.0.7.10-hotspot\bin\jli.dll
0x00007ffd740e0000 - 0x00007ffd74274000 	C:\WINDOWS\System32\USER32.dll
0x00007ffd6c7f0000 - 0x00007ffd6ca75000 	C:\WINDOWS\WinSxS\amd64_microsoft.windows.common-controls_6595b64144ccf1df_6.0.18362.720_none_e6beb5c51314836b\COMCTL32.dll
0x00007ffd72a50000 - 0x00007ffd72a71000 	C:\WINDOWS\System32\win32u.dll
0x00007ffd74340000 - 0x00007ffd743de000 	C:\WINDOWS\System32\msvcrt.dll
0x00007ffd74310000 - 0x00007ffd74336000 	C:\WINDOWS\System32\GDI32.dll
0x00007ffd73650000 - 0x00007ffd73986000 	C:\WINDOWS\System32\combase.dll
0x00007ffd71b70000 - 0x00007ffd71d04000 	C:\WINDOWS\System32\gdi32full.dll
0x00007ffd74760000 - 0x00007ffd74880000 	C:\WINDOWS\System32\RPCRT4.dll
0x00007ffd72bf0000 - 0x00007ffd72c8e000 	C:\WINDOWS\System32\msvcp_win.dll
0x00007ffd729d0000 - 0x00007ffd72a50000 	C:\WINDOWS\System32\bcryptPrimitives.dll
0x00007ffd743e0000 - 0x00007ffd7440e000 	C:\WINDOWS\System32\IMM32.DLL
0x00007ffd58940000 - 0x00007ffd589db000 	C:\Program Files\AdoptOpenJDK\jdk-11.0.7.10-hotspot\bin\msvcp140.dll
0x00007ffd33830000 - 0x00007ffd342ec000 	C:\Program Files\AdoptOpenJDK\jdk-11.0.7.10-hotspot\bin\server\jvm.dll
0x00007ffd74880000 - 0x00007ffd74923000 	C:\WINDOWS\System32\ADVAPI32.dll
0x00007ffd73990000 - 0x00007ffd73a27000 	C:\WINDOWS\System32\sechost.dll
0x00007ffd74750000 - 0x00007ffd74758000 	C:\WINDOWS\System32\PSAPI.DLL
0x00007ffd662e0000 - 0x00007ffd662e9000 	C:\WINDOWS\SYSTEM32\WSOCK32.dll
0x00007ffd6fbd0000 - 0x00007ffd6fbf4000 	C:\WINDOWS\SYSTEM32\WINMM.dll
0x00007ffd6e100000 - 0x00007ffd6e10a000 	C:\WINDOWS\SYSTEM32\VERSION.dll
0x00007ffd73570000 - 0x00007ffd735df000 	C:\WINDOWS\System32\WS2_32.dll
0x00007ffd6fba0000 - 0x00007ffd6fbcd000 	C:\WINDOWS\SYSTEM32\winmmbase.dll
0x00007ffd728a0000 - 0x00007ffd728ea000 	C:\WINDOWS\System32\cfgmgr32.dll
0x00007ffd71b50000 - 0x00007ffd71b61000 	C:\WINDOWS\System32\kernel.appcore.dll
0x00007ffd6cd90000 - 0x00007ffd6cda0000 	C:\Program Files\AdoptOpenJDK\jdk-11.0.7.10-hotspot\bin\verify.dll
0x00007ffd5bac0000 - 0x00007ffd5bcb4000 	C:\WINDOWS\SYSTEM32\DBGHELP.DLL
0x00007ffd5bd40000 - 0x00007ffd5bd6a000 	C:\WINDOWS\SYSTEM32\dbgcore.DLL
0x00007ffd60f70000 - 0x00007ffd60f98000 	C:\Program Files\AdoptOpenJDK\jdk-11.0.7.10-hotspot\bin\java.dll
0x00007ffd60e70000 - 0x00007ffd60e86000 	C:\Program Files\AdoptOpenJDK\jdk-11.0.7.10-hotspot\bin\zip.dll
0x00007ffd6cb30000 - 0x00007ffd6cb3a000 	C:\Program Files\AdoptOpenJDK\jdk-11.0.7.10-hotspot\bin\jimage.dll
0x00007ffd72d60000 - 0x00007ffd73445000 	C:\WINDOWS\System32\SHELL32.dll
0x00007ffd74af0000 - 0x00007ffd74b99000 	C:\WINDOWS\System32\shcore.dll
0x00007ffd71e70000 - 0x00007ffd725f0000 	C:\WINDOWS\System32\windows.storage.dll
0x00007ffd71ad0000 - 0x00007ffd71af3000 	C:\WINDOWS\System32\profapi.dll
0x00007ffd71b00000 - 0x00007ffd71b4a000 	C:\WINDOWS\System32\powrprof.dll
0x00007ffd71aa0000 - 0x00007ffd71ab0000 	C:\WINDOWS\System32\UMPDC.dll
0x00007ffd73ea0000 - 0x00007ffd73ef2000 	C:\WINDOWS\System32\shlwapi.dll
0x00007ffd72a80000 - 0x00007ffd72a97000 	C:\WINDOWS\System32\cryptsp.dll
0x00007ffd60e50000 - 0x00007ffd60e69000 	C:\Program Files\AdoptOpenJDK\jdk-11.0.7.10-hotspot\bin\net.dll
0x00007ffd65dd0000 - 0x00007ffd65ec1000 	C:\WINDOWS\SYSTEM32\WINHTTP.dll
0x00007ffd712b0000 - 0x00007ffd71317000 	C:\WINDOWS\system32\mswsock.dll
0x00007ffd60e30000 - 0x00007ffd60e42000 	C:\Program Files\AdoptOpenJDK\jdk-11.0.7.10-hotspot\bin\nio.dll
0x00007ffd65b20000 - 0x00007ffd65b29000 	C:\Program Files\AdoptOpenJDK\jdk-11.0.7.10-hotspot\bin\management.dll
0x00007ffd654d0000 - 0x00007ffd654db000 	C:\Program Files\AdoptOpenJDK\jdk-11.0.7.10-hotspot\bin\management_ext.dll
0x00007ffd70e20000 - 0x00007ffd70e53000 	C:\WINDOWS\system32\rsaenh.dll
0x00007ffd729a0000 - 0x00007ffd729c6000 	C:\WINDOWS\System32\bcrypt.dll
0x00007ffd719c0000 - 0x00007ffd719e5000 	C:\WINDOWS\SYSTEM32\USERENV.dll
0x00007ffd71480000 - 0x00007ffd7148c000 	C:\WINDOWS\SYSTEM32\CRYPTBASE.dll
0x00007ffd70fc0000 - 0x00007ffd70ffa000 	C:\WINDOWS\SYSTEM32\IPHLPAPI.DLL
0x00007ffd74280000 - 0x00007ffd74288000 	C:\WINDOWS\System32\NSI.dll
0x00007ffd69360000 - 0x00007ffd69376000 	C:\WINDOWS\SYSTEM32\dhcpcsvc6.DLL
0x00007ffd69380000 - 0x00007ffd6939c000 	C:\WINDOWS\SYSTEM32\dhcpcsvc.DLL
0x00007ffd71000000 - 0x00007ffd710ca000 	C:\WINDOWS\SYSTEM32\DNSAPI.dll

dbghelp: loaded successfully - version: 4.0.5 - missing functions: none
symbol engine: initialized successfully - sym options: 0x614 - pdb path: .;C:\Program Files\AdoptOpenJDK\jdk-11.0.7.10-hotspot\bin;C:\WINDOWS\SYSTEM32;C:\WINDOWS\WinSxS\amd64_microsoft.windows.common-controls_6595b64144ccf1df_6.0.18362.720_none_e6beb5c51314836b;C:\Program Files\AdoptOpenJDK\jdk-11.0.7.10-hotspot\bin\server

VM Arguments:
jvm_args: -Dfile.encoding=windows-1252 -Duser.country=US -Duser.language=en -Duser.variant 
java_command: edu.pucmm.eict.Main
java_class_path (initial): C:\Users\Eduardo\IdeaProjects\tarea2\build\classes\java\main;C:\Users\Eduardo\IdeaProjects\tarea2\build\resources\main;C:\Users\Eduardo\.gradle\caches\modules-2\files-2.1\io.javalin\javalin\3.8.0\dbacf51c2ce324a3aafeb77c064dac5baf6b759\javalin-3.8.0.jar;C:\Users\Eduardo\.gradle\caches\modules-2\files-2.1\org.slf4j\slf4j-simple\1.8.0-beta4\1531950ac50afd70a4d02f10b6aaf6d6a6a7669e\slf4j-simple-1.8.0-beta4.jar;C:\Users\Eduardo\.gradle\caches\modules-2\files-2.1\org.jsoup\jsoup\1.11.3\36da09a8f68484523fa2aaa100399d612b247d67\jsoup-1.11.3.jar;C:\Users\Eduardo\.gradle\caches\modules-2\files-2.1\com.fasterxml.jackson.core\jackson-databind\2.10.1\18eee15ffc662d27538d5b6ee84e4c92c0a9d03e\jackson-databind-2.10.1.jar;C:\Users\Eduardo\.gradle\caches\modules-2\files-2.1\org.freemarker\freemarker\2.3.30\86d70d335c7821178f62b554aa3a4bc538a94f1a\freemarker-2.3.30.jar;C:\Users\Eduardo\.gradle\caches\modules-2\files-2.1\org.thymeleaf\thymeleaf\3.0.5.RELEASE\bef08ffc686caa73df45034a27d34bf2f0c97501\thymeleaf-3.0.5.RELEASE.jar;C:\Users\Eduardo\.gradle\caches\modules-2\files-2.1\org.apache.velocity\velocity-engine-core\2.2\68d899cb70cd27d495562fa808feb2da4926d38f\velocity-engine-core-2.2.jar;C:\Users\Eduardo\.gradle\caches\modules-2\files-2.1\org.jetbrains.kotlin\kotlin-stdlib-jdk8\1.3.61\e91d61b7cfd9a45566b580fef18bbd5c32d505b5\kotlin-stdlib-jdk8-1.3.61.jar;C:\Users\Eduardo\.gradle\caches\modules-2\files-2.1\org.slf4j\slf4j-api\1.8.0-beta4\83b0359d847ee053d745be7ec0d8e9e8a44304b4\slf4j-api-1.8.0-beta4.jar;C:\Users\Eduardo\.gradle\caches\modules-2\files-2.1\org.eclipse.jetty\jetty-webapp\9.4.25.v20191220\d9f0c70493252c7cf9b2952b88051c999cf9f53c\jetty-webapp-9.4.25.v20191220.jar;C:\Users\Eduardo\.gradle\caches\modules-2\files-2.1\org.eclipse.jetty.websocket\websocket-server\9.4.25.v20191220\642fea5ce3946ba3654d27b516c2315a0d939f7c\websocket-server-9.4.25.v20191220.jar;C:\Users\Eduardo\.gradle\caches\modules-2\files-2.1\org.eclipse.jetty\jetty-servlet\9.4.25.v
Launcher Type: SUN_STANDARD

[Global flags]
     intx CICompilerCount                          = 4                                         {product} {ergonomic}
     uint ConcGCThreads                            = 2                                         {product} {ergonomic}
     uint G1ConcRefinementThreads                  = 8                                         {product} {ergonomic}
   size_t G1HeapRegionSize                         = 1048576                                   {product} {ergonomic}
    uintx GCDrainStackTargetSize                   = 64                                        {product} {ergonomic}
   size_t InitialHeapSize                          = 268435456                                 {product} {ergonomic}
   size_t MarkStackSize                            = 4194304                                   {product} {ergonomic}
   size_t MaxHeapSize                              = 4288675840                                {product} {ergonomic}
   size_t MaxNewSize                               = 2573205504                                {product} {ergonomic}
   size_t MinHeapDeltaBytes                        = 1048576                                   {product} {ergonomic}
    uintx NonNMethodCodeHeapSize                   = 5836300                                {pd product} {ergonomic}
    uintx NonProfiledCodeHeapSize                  = 122910970                              {pd product} {ergonomic}
    uintx ProfiledCodeHeapSize                     = 122910970                              {pd product} {ergonomic}
    uintx ReservedCodeCacheSize                    = 251658240                              {pd product} {ergonomic}
     bool SegmentedCodeCache                       = true                                      {product} {ergonomic}
     bool UseCompressedClassPointers               = true                                 {lp64_product} {ergonomic}
     bool UseCompressedOops                        = true                                 {lp64_product} {ergonomic}
     bool UseG1GC                                  = true                                      {product} {ergonomic}
     bool UseLargePagesIndividualAllocation        = false                                  {pd product} {ergonomic}

Logging:
Log output configuration:
 #0: stdout all=warning uptime,level,tags
 #1: stderr all=off uptime,level,tags

Environment Variables:
JAVA_HOME=C:\Program Files\AdoptOpenJDK\jdk-11.0.7.10-hotspot\
PATH=C:\Program Files\AdoptOpenJDK\jdk-11.0.7.10-hotspot\bin;C:\Windows\system32;C:\Windows;C:\Windows\System32\Wbem;C:\Windows\System32\WindowsPowerShell\v1.0\;C:\Program Files (x86)\NVIDIA Corporation\PhysX\Common;C:\WINDOWS\system32;C:\WINDOWS;C:\WINDOWS\System32\Wbem;C:\WINDOWS\System32\WindowsPowerShell\v1.0\;C:\WINDOWS\System32\OpenSSH\;C:\Program Files (x86)\QuickTime\QTSystem\;C:\Program Files\Git\cmd;C:\Users\Eduardo\AppData\Local\Microsoft\WindowsApps;
USERNAME=Eduardo
OS=Windows_NT
PROCESSOR_IDENTIFIER=Intel64 Family 6 Model 42 Stepping 7, GenuineIntel



---------------  S Y S T E M  ---------------

OS: Windows 10 , 64 bit Build 18362 (10.0.18362.329)
OS uptime: 2 days 1:17 hours

CPU:total 8 (initial active 8) (4 cores per cpu, 2 threads per core) family 6 model 42 stepping 7, cmov, cx8, fxsr, mmx, sse, sse2, sse3, ssse3, sse4.1, sse4.2, popcnt, avx, aes, clmul, ht, tsc, tscinvbit

Memory: 4k page, system-wide physical 16352M (10087M free)
TotalPageFile size 32736M (AvailPageFile size 24811M)
current process WorkingSet (physical memory assigned to process): 103M, peak: 103M
current process commit charge ("private bytes"): 375M, peak: 375M

vm_info: OpenJDK 64-Bit Server VM (11.0.7+10) for windows-amd64 JRE (11.0.7+10), built on Apr 22 2020 11:46:09 by "" with MS VC++ 15.9 (VS2017)

END.
