#
# A fatal error has been detected by the Java Runtime Environment:
#
#  EXCEPTION_ACCESS_VIOLATION (0xc0000005) at pc=0x000001ba3b9413f2, pid=15104, tid=13708
#
# JRE version: OpenJDK Runtime Environment (11.0.7+10) (build 11.0.7+10)
# Java VM: OpenJDK 64-Bit Server VM (11.0.7+10, mixed mode, tiered, compressed oops, g1 gc, windows-amd64)
# Problematic frame:
# j  java.util.concurrent.ConcurrentHashMap.transfer([Ljava/util/concurrent/ConcurrentHashMap$Node;[Ljava/util/concurrent/ConcurrentHashMap$Node;)V+292 java.base@11.0.7
#
# No core dump will be written. Minidumps are not enabled by default on client versions of Windows
#
# If you would like to submit a bug report, please visit:
#   https://github.com/AdoptOpenJDK/openjdk-support/issues
#

---------------  S U M M A R Y ------------

Command Line: -Dfile.encoding=windows-1252 -Duser.country=US -Duser.language=en -Duser.variant edu.pucmm.eict.Main

Host: Intel(R) Core(TM) i7-2600K CPU @ 3.40GHz, 8 cores, 15G,  Windows 10 , 64 bit Build 18362 (10.0.18362.329)
Time: Wed Jun 17 19:38:01 2020 SA Western Standard Time elapsed time: 0 seconds (0d 0h 0m 0s)

---------------  T H R E A D  ---------------

Current thread (0x000001ba31ac4000):  JavaThread "main" [_thread_in_Java, id=13708, stack(0x00000023f0900000,0x00000023f0a00000)]

Stack: [0x00000023f0900000,0x00000023f0a00000],  sp=0x00000023f09fbd50,  free space=1007k
Native frames: (J=compiled Java code, j=interpreted, Vv=VM code, C=native code)
C  0x000001ba3b9413f2


siginfo: EXCEPTION_ACCESS_VIOLATION (0xc0000005), reading address 0x0000000000800000


Register to memory mapping:

RIP=0x000001ba3b9413f2 is at code_begin+18 in an Interpreter codelet
fast_igetfield  208 fast_igetfield  [0x000001ba3b9413e0, 0x000001ba3b941420]  64 bytes
RAX=0x0000000000800000 is an unknown value
RBX=0x000000000000000c is an unknown value
RCX=0x000001ba5783b818 is pointing into metadata
RDX=0x0000000000000011 is an unknown value
RSP=0x00000023f09fbd50 is pointing into the stack for thread: 0x000001ba31ac4000
RBP=0x00000023f09fbda8 is pointing into the stack for thread: 0x000001ba31ac4000
RSI=0x000000070fb3f014 is pointing into object: [Ljava.util.concurrent.ConcurrentHashMap$Node; 
{0x000000070fb3e9c0} - klass: 'java/util/concurrent/ConcurrentHashMap$Node'[]
 - length: 512
RDI=0x000000070f439690 is an oop: java.util.concurrent.ConcurrentHashMap$ForwardingNode 
{0x000000070f439690} - klass: 'java/util/concurrent/ConcurrentHashMap$ForwardingNode'
R8 =0x000000000000018e is an unknown value
R9 =0x0 is NULL
R10=0x00007ffd3423fb80 jvm.dll
R11=0x000001ba43415e20 is at entry_point+0 in (nmethod*)0x000001ba43415c90
R12=0x0 is NULL
R13=0x000001ba5783844d is pointing into metadata
R14=0x00000023f09fbe88 is pointing into the stack for thread: 0x000001ba31ac4000
R15=0x000001ba31ac4000 is a thread


Registers:
RAX=0x0000000000800000, RBX=0x000000000000000c, RCX=0x000001ba5783b818, RDX=0x0000000000000011
RSP=0x00000023f09fbd50, RBP=0x00000023f09fbda8, RSI=0x000000070fb3f014, RDI=0x000000070f439690
R8 =0x000000000000018e, R9 =0x0000000000000000, R10=0x00007ffd3423fb80, R11=0x000001ba43415e20
R12=0x0000000000000000, R13=0x000001ba5783844d, R14=0x00000023f09fbe88, R15=0x000001ba31ac4000
RIP=0x000001ba3b9413f2, EFLAGS=0x0000000000010206

Top of Stack: (sp=0x00000023f09fbd50)
0x00000023f09fbd50:   000000070fa21e60 0000000000000000
0x00000023f09fbd60:   00000023f09fbd50 000001ba57838434
0x00000023f09fbd70:   00000023f09fbe88 000001ba5783b818
0x00000023f09fbd80:   000001ba579bd218 00000007105077f0
0x00000023f09fbd90:   000001ba578388e0 0000000000000000
0x00000023f09fbda0:   00000023f09fbe90 00000023f09fc5c0
0x00000023f09fbdb0:   000001ba3bed2924 0000000000000000
0x00000023f09fbdc0:   0000000000000000 0000000000000000
0x00000023f09fbdd0:   0000000000000000 0000000000000000
0x00000023f09fbde0:   000000070fc53878 000000070fc53730
0x00000023f09fbdf0:   0000000000000000 000000070fb3f3b0
0x00000023f09fbe00:   000000070fb3f3b0 0000000000000000
0x00000023f09fbe10:   0000000000000000 0000000700000180
0x00000023f09fbe20:   0000000700000190 000000000f21d991
0x00000023f09fbe30:   0000000000800000 0000000000000180
0x00000023f09fbe40:   000000000000018e 0000000000000000 

Instructions: (pc=0x000001ba3b9413f2)
0x000001ba3b9412f2:   00 00 00 00 00 00 00 00 00 00 00 00 00 00 60 00
0x000001ba3b941302:   00 00 00 00 00 00 f0 49 01 34 fd 7f 00 00 ce 00
0x000001ba3b941312:   00 00 00 00 00 00 00 00 00 00 00 00 00 00 58 41
0x000001ba3b941322:   0f b7 5d 01 48 8b 4d d0 c1 e3 02 48 8b 5c d9 30
0x000001ba3b941332:   48 3b 00 c5 fb 10 04 18 41 0f b6 5d 03 49 83 c5
0x000001ba3b941342:   03 49 ba 80 f3 23 34 fd 7f 00 00 41 ff 24 da 0f
0x000001ba3b941352:   1f 80 00 00 00 00 00 00 00 00 00 00 00 00 60 00
0x000001ba3b941362:   00 00 00 00 00 00 00 4a 01 34 fd 7f 00 00 cf 00
0x000001ba3b941372:   00 00 00 00 00 00 00 00 00 00 00 00 00 00 58 41
0x000001ba3b941382:   0f b7 5d 01 48 8b 4d d0 c1 e3 02 48 8b 5c d9 30
0x000001ba3b941392:   48 3b 00 c5 fa 10 04 18 41 0f b6 5d 03 49 83 c5
0x000001ba3b9413a2:   03 49 ba 80 eb 23 34 fd 7f 00 00 41 ff 24 da 0f
0x000001ba3b9413b2:   1f 80 00 00 00 00 00 00 00 00 00 00 00 00 60 00
0x000001ba3b9413c2:   00 00 00 00 00 00 10 4a 01 34 fd 7f 00 00 d0 00
0x000001ba3b9413d2:   00 00 00 00 00 00 00 00 00 00 00 00 00 00 58 41
0x000001ba3b9413e2:   0f b7 5d 01 48 8b 4d d0 c1 e3 02 48 8b 5c d9 30
0x000001ba3b9413f2:   48 3b 00 8b 04 18 41 0f b6 5d 03 49 83 c5 03 49
0x000001ba3b941402:   ba 80 db 23 34 fd 7f 00 00 41 ff 24 da 90 00 00
0x000001ba3b941412:   00 00 00 00 00 00 00 00 00 00 00 00 00 00 60 00
0x000001ba3b941422:   00 00 00 00 00 00 20 4a 01 34 fd 7f 00 00 d1 00
0x000001ba3b941432:   00 00 00 00 00 00 00 00 00 00 00 00 00 00 58 41
0x000001ba3b941442:   0f b7 5d 01 48 8b 4d d0 c1 e3 02 48 8b 5c d9 30
0x000001ba3b941452:   48 3b 00 48 8b 04 18 41 0f b6 5d 03 49 83 c5 03
0x000001ba3b941462:   49 ba 80 e3 23 34 fd 7f 00 00 41 ff 24 da 00 00
0x000001ba3b941472:   00 00 00 00 00 00 00 00 00 00 00 00 00 00 60 00
0x000001ba3b941482:   00 00 00 00 00 00 30 4a 01 34 fd 7f 00 00 d2 00
0x000001ba3b941492:   00 00 00 00 00 00 00 00 00 00 00 00 00 00 58 41
0x000001ba3b9414a2:   0f b7 5d 01 48 8b 4d d0 c1 e3 02 48 8b 5c d9 30
0x000001ba3b9414b2:   48 3b 00 0f bf 04 18 41 0f b6 5d 03 49 83 c5 03
0x000001ba3b9414c2:   49 ba 80 db 23 34 fd 7f 00 00 41 ff 24 da 00 00
0x000001ba3b9414d2:   00 00 00 00 00 00 00 00 00 00 00 00 00 00 c0 01
0x000001ba3b9414e2:   00 00 00 00 00 00 40 4a 01 34 fd 7f 00 00 d3 00 


Stack slot to memory mapping:
stack at sp + 0 slots: 0x000000070fa21e60 is an oop: java.util.concurrent.ConcurrentHashMap$Node 
{0x000000070fa21e60} - klass: 'java/util/concurrent/ConcurrentHashMap$Node'
stack at sp + 1 slots: 0x0 is NULL
stack at sp + 2 slots: 0x00000023f09fbd50 is pointing into the stack for thread: 0x000001ba31ac4000
stack at sp + 3 slots: 0x000001ba57838434 is pointing into metadata
stack at sp + 4 slots: 0x00000023f09fbe88 is pointing into the stack for thread: 0x000001ba31ac4000
stack at sp + 5 slots: 0x000001ba5783b818 is pointing into metadata
stack at sp + 6 slots: 0x000001ba579bd218 is pointing into metadata
stack at sp + 7 slots: 0x00000007105077f0 is an oop: java.lang.Class 
{0x00000007105077f0} - klass: 'java/lang/Class'

fast_igetfield  208 fast_igetfield  [0x000001ba3b9413e0, 0x000001ba3b941420]  64 bytes

---------------  P R O C E S S  ---------------

Threads class SMR info:
_java_thread_list=0x000001ba58b6fae0, length=12, elements={
0x000001ba31ac4000, 0x000001ba57fa2000, 0x000001ba57fab800, 0x000001ba57ffd800,
0x000001ba58000000, 0x000001ba58001000, 0x000001ba58004000, 0x000001ba58005000,
0x000001ba58182000, 0x000001ba5818f000, 0x000001ba5843c000, 0x000001ba58704000
}

Java Threads: ( => current thread )
=>0x000001ba31ac4000 JavaThread "main" [_thread_in_Java, id=13708, stack(0x00000023f0900000,0x00000023f0a00000)]
  0x000001ba57fa2000 JavaThread "Reference Handler" daemon [_thread_blocked, id=10096, stack(0x00000023f1000000,0x00000023f1100000)]
  0x000001ba57fab800 JavaThread "Finalizer" daemon [_thread_blocked, id=15956, stack(0x00000023f1100000,0x00000023f1200000)]
  0x000001ba57ffd800 JavaThread "Signal Dispatcher" daemon [_thread_blocked, id=11620, stack(0x00000023f1200000,0x00000023f1300000)]
  0x000001ba58000000 JavaThread "Attach Listener" daemon [_thread_blocked, id=9076, stack(0x00000023f1300000,0x00000023f1400000)]
  0x000001ba58001000 JavaThread "C2 CompilerThread0" daemon [_thread_blocked, id=11044, stack(0x00000023f1400000,0x00000023f1500000)]
  0x000001ba58004000 JavaThread "C1 CompilerThread0" daemon [_thread_blocked, id=740, stack(0x00000023f1500000,0x00000023f1600000)]
  0x000001ba58005000 JavaThread "Sweeper thread" daemon [_thread_blocked, id=9260, stack(0x00000023f1600000,0x00000023f1700000)]
  0x000001ba58182000 JavaThread "Service Thread" daemon [_thread_blocked, id=10408, stack(0x00000023f1700000,0x00000023f1800000)]
  0x000001ba5818f000 JavaThread "Common-Cleaner" daemon [_thread_blocked, id=11556, stack(0x00000023f1900000,0x00000023f1a00000)]
  0x000001ba5843c000 JavaThread "C2 CompilerThread1" daemon [_thread_blocked, id=656, stack(0x00000023f1a00000,0x00000023f1b00000)]
  0x000001ba58704000 JavaThread "Thread-0" [_thread_blocked, id=1816, stack(0x00000023f1b00000,0x00000023f1c00000)]

Other Threads:
  0x000001ba576ee000 VMThread "VM Thread" [stack: 0x00000023f0f00000,0x00000023f1000000] [id=17788]
  0x000001ba58183000 WatcherThread [stack: 0x00000023f1800000,0x00000023f1900000] [id=16660]
  0x000001ba31add000 GCTaskThread "GC Thread#0" [stack: 0x00000023f0a00000,0x00000023f0b00000] [id=12744]
  0x000001ba31b3d000 ConcurrentGCThread "G1 Main Marker" [stack: 0x00000023f0b00000,0x00000023f0c00000] [id=12484]
  0x000001ba31b3f000 ConcurrentGCThread "G1 Conc#0" [stack: 0x00000023f0c00000,0x00000023f0d00000] [id=5848]
  0x000001ba575d2000 ConcurrentGCThread "G1 Refine#0" [stack: 0x00000023f0d00000,0x00000023f0e00000] [id=5112]
  0x000001ba31b8d800 ConcurrentGCThread "G1 Young RemSet Sampling" [stack: 0x00000023f0e00000,0x00000023f0f00000] [id=18240]

Threads with active compile tasks:

VM state:not at safepoint (normal execution)

VM Mutex/Monitor currently owned by a thread: None

Heap address: 0x0000000700600000, size: 4090 MB, Compressed Oops mode: Zero based, Oop shift amount: 3
Narrow klass base: 0x0000000800000000, Narrow klass shift: 0
Compressed class space size: 1073741824 Address: 0x0000000800000000

Heap:
 garbage-first heap   total 262144K, used 16384K [0x0000000700600000, 0x0000000800000000)
  region size 1024K, 18 young (18432K), 0 survivors (0K)
 Metaspace       used 11938K, capacity 12151K, committed 12416K, reserved 1060864K
  class space    used 1071K, capacity 1138K, committed 1152K, reserved 1048576K
Heap Regions: E=young(eden), S=young(survivor), O=old, HS=humongous(starts), HC=humongous(continues), CS=collection set, F=free, A=archive, TAMS=top-at-mark-start (previous, next)
|   0|0x0000000700600000, 0x0000000700600000, 0x0000000700700000|  0%| F|  |TAMS 0x0000000700600000, 0x0000000700600000| Untracked 
|   1|0x0000000700700000, 0x0000000700700000, 0x0000000700800000|  0%| F|  |TAMS 0x0000000700700000, 0x0000000700700000| Untracked 
|   2|0x0000000700800000, 0x0000000700800000, 0x0000000700900000|  0%| F|  |TAMS 0x0000000700800000, 0x0000000700800000| Untracked 
|   3|0x0000000700900000, 0x0000000700900000, 0x0000000700a00000|  0%| F|  |TAMS 0x0000000700900000, 0x0000000700900000| Untracked 
|   4|0x0000000700a00000, 0x0000000700a00000, 0x0000000700b00000|  0%| F|  |TAMS 0x0000000700a00000, 0x0000000700a00000| Untracked 
|   5|0x0000000700b00000, 0x0000000700b00000, 0x0000000700c00000|  0%| F|  |TAMS 0x0000000700b00000, 0x0000000700b00000| Untracked 
|   6|0x0000000700c00000, 0x0000000700c00000, 0x0000000700d00000|  0%| F|  |TAMS 0x0000000700c00000, 0x0000000700c00000| Untracked 
|   7|0x0000000700d00000, 0x0000000700d00000, 0x0000000700e00000|  0%| F|  |TAMS 0x0000000700d00000, 0x0000000700d00000| Untracked 
|   8|0x0000000700e00000, 0x0000000700e00000, 0x0000000700f00000|  0%| F|  |TAMS 0x0000000700e00000, 0x0000000700e00000| Untracked 
|   9|0x0000000700f00000, 0x0000000700f00000, 0x0000000701000000|  0%| F|  |TAMS 0x0000000700f00000, 0x0000000700f00000| Untracked 
|  10|0x0000000701000000, 0x0000000701000000, 0x0000000701100000|  0%| F|  |TAMS 0x0000000701000000, 0x0000000701000000| Untracked 
|  11|0x0000000701100000, 0x0000000701100000, 0x0000000701200000|  0%| F|  |TAMS 0x0000000701100000, 0x0000000701100000| Untracked 
|  12|0x0000000701200000, 0x0000000701200000, 0x0000000701300000|  0%| F|  |TAMS 0x0000000701200000, 0x0000000701200000| Untracked 
|  13|0x0000000701300000, 0x0000000701300000, 0x0000000701400000|  0%| F|  |TAMS 0x0000000701300000, 0x0000000701300000| Untracked 
|  14|0x0000000701400000, 0x0000000701400000, 0x0000000701500000|  0%| F|  |TAMS 0x0000000701400000, 0x0000000701400000| Untracked 
|  15|0x0000000701500000, 0x0000000701500000, 0x0000000701600000|  0%| F|  |TAMS 0x0000000701500000, 0x0000000701500000| Untracked 
|  16|0x0000000701600000, 0x0000000701600000, 0x0000000701700000|  0%| F|  |TAMS 0x0000000701600000, 0x0000000701600000| Untracked 
|  17|0x0000000701700000, 0x0000000701700000, 0x0000000701800000|  0%| F|  |TAMS 0x0000000701700000, 0x0000000701700000| Untracked 
|  18|0x0000000701800000, 0x0000000701800000, 0x0000000701900000|  0%| F|  |TAMS 0x0000000701800000, 0x0000000701800000| Untracked 
|  19|0x0000000701900000, 0x0000000701900000, 0x0000000701a00000|  0%| F|  |TAMS 0x0000000701900000, 0x0000000701900000| Untracked 
|  20|0x0000000701a00000, 0x0000000701a00000, 0x0000000701b00000|  0%| F|  |TAMS 0x0000000701a00000, 0x0000000701a00000| Untracked 
|  21|0x0000000701b00000, 0x0000000701b00000, 0x0000000701c00000|  0%| F|  |TAMS 0x0000000701b00000, 0x0000000701b00000| Untracked 
|  22|0x0000000701c00000, 0x0000000701c00000, 0x0000000701d00000|  0%| F|  |TAMS 0x0000000701c00000, 0x0000000701c00000| Untracked 
|  23|0x0000000701d00000, 0x0000000701d00000, 0x0000000701e00000|  0%| F|  |TAMS 0x0000000701d00000, 0x0000000701d00000| Untracked 
|  24|0x0000000701e00000, 0x0000000701e00000, 0x0000000701f00000|  0%| F|  |TAMS 0x0000000701e00000, 0x0000000701e00000| Untracked 
|  25|0x0000000701f00000, 0x0000000701f00000, 0x0000000702000000|  0%| F|  |TAMS 0x0000000701f00000, 0x0000000701f00000| Untracked 
|  26|0x0000000702000000, 0x0000000702000000, 0x0000000702100000|  0%| F|  |TAMS 0x0000000702000000, 0x0000000702000000| Untracked 
|  27|0x0000000702100000, 0x0000000702100000, 0x0000000702200000|  0%| F|  |TAMS 0x0000000702100000, 0x0000000702100000| Untracked 
|  28|0x0000000702200000, 0x0000000702200000, 0x0000000702300000|  0%| F|  |TAMS 0x0000000702200000, 0x0000000702200000| Untracked 
|  29|0x0000000702300000, 0x0000000702300000, 0x0000000702400000|  0%| F|  |TAMS 0x0000000702300000, 0x0000000702300000| Untracked 
|  30|0x0000000702400000, 0x0000000702400000, 0x0000000702500000|  0%| F|  |TAMS 0x0000000702400000, 0x0000000702400000| Untracked 
|  31|0x0000000702500000, 0x0000000702500000, 0x0000000702600000|  0%| F|  |TAMS 0x0000000702500000, 0x0000000702500000| Untracked 
|  32|0x0000000702600000, 0x0000000702600000, 0x0000000702700000|  0%| F|  |TAMS 0x0000000702600000, 0x0000000702600000| Untracked 
|  33|0x0000000702700000, 0x0000000702700000, 0x0000000702800000|  0%| F|  |TAMS 0x0000000702700000, 0x0000000702700000| Untracked 
|  34|0x0000000702800000, 0x0000000702800000, 0x0000000702900000|  0%| F|  |TAMS 0x0000000702800000, 0x0000000702800000| Untracked 
|  35|0x0000000702900000, 0x0000000702900000, 0x0000000702a00000|  0%| F|  |TAMS 0x0000000702900000, 0x0000000702900000| Untracked 
|  36|0x0000000702a00000, 0x0000000702a00000, 0x0000000702b00000|  0%| F|  |TAMS 0x0000000702a00000, 0x0000000702a00000| Untracked 
|  37|0x0000000702b00000, 0x0000000702b00000, 0x0000000702c00000|  0%| F|  |TAMS 0x0000000702b00000, 0x0000000702b00000| Untracked 
|  38|0x0000000702c00000, 0x0000000702c00000, 0x0000000702d00000|  0%| F|  |TAMS 0x0000000702c00000, 0x0000000702c00000| Untracked 
|  39|0x0000000702d00000, 0x0000000702d00000, 0x0000000702e00000|  0%| F|  |TAMS 0x0000000702d00000, 0x0000000702d00000| Untracked 
|  40|0x0000000702e00000, 0x0000000702e00000, 0x0000000702f00000|  0%| F|  |TAMS 0x0000000702e00000, 0x0000000702e00000| Untracked 
|  41|0x0000000702f00000, 0x0000000702f00000, 0x0000000703000000|  0%| F|  |TAMS 0x0000000702f00000, 0x0000000702f00000| Untracked 
|  42|0x0000000703000000, 0x0000000703000000, 0x0000000703100000|  0%| F|  |TAMS 0x0000000703000000, 0x0000000703000000| Untracked 
|  43|0x0000000703100000, 0x0000000703100000, 0x0000000703200000|  0%| F|  |TAMS 0x0000000703100000, 0x0000000703100000| Untracked 
|  44|0x0000000703200000, 0x0000000703200000, 0x0000000703300000|  0%| F|  |TAMS 0x0000000703200000, 0x0000000703200000| Untracked 
|  45|0x0000000703300000, 0x0000000703300000, 0x0000000703400000|  0%| F|  |TAMS 0x0000000703300000, 0x0000000703300000| Untracked 
|  46|0x0000000703400000, 0x0000000703400000, 0x0000000703500000|  0%| F|  |TAMS 0x0000000703400000, 0x0000000703400000| Untracked 
|  47|0x0000000703500000, 0x0000000703500000, 0x0000000703600000|  0%| F|  |TAMS 0x0000000703500000, 0x0000000703500000| Untracked 
|  48|0x0000000703600000, 0x0000000703600000, 0x0000000703700000|  0%| F|  |TAMS 0x0000000703600000, 0x0000000703600000| Untracked 
|  49|0x0000000703700000, 0x0000000703700000, 0x0000000703800000|  0%| F|  |TAMS 0x0000000703700000, 0x0000000703700000| Untracked 
|  50|0x0000000703800000, 0x0000000703800000, 0x0000000703900000|  0%| F|  |TAMS 0x0000000703800000, 0x0000000703800000| Untracked 
|  51|0x0000000703900000, 0x0000000703900000, 0x0000000703a00000|  0%| F|  |TAMS 0x0000000703900000, 0x0000000703900000| Untracked 
|  52|0x0000000703a00000, 0x0000000703a00000, 0x0000000703b00000|  0%| F|  |TAMS 0x0000000703a00000, 0x0000000703a00000| Untracked 
|  53|0x0000000703b00000, 0x0000000703b00000, 0x0000000703c00000|  0%| F|  |TAMS 0x0000000703b00000, 0x0000000703b00000| Untracked 
|  54|0x0000000703c00000, 0x0000000703c00000, 0x0000000703d00000|  0%| F|  |TAMS 0x0000000703c00000, 0x0000000703c00000| Untracked 
|  55|0x0000000703d00000, 0x0000000703d00000, 0x0000000703e00000|  0%| F|  |TAMS 0x0000000703d00000, 0x0000000703d00000| Untracked 
|  56|0x0000000703e00000, 0x0000000703e00000, 0x0000000703f00000|  0%| F|  |TAMS 0x0000000703e00000, 0x0000000703e00000| Untracked 
|  57|0x0000000703f00000, 0x0000000703f00000, 0x0000000704000000|  0%| F|  |TAMS 0x0000000703f00000, 0x0000000703f00000| Untracked 
|  58|0x0000000704000000, 0x0000000704000000, 0x0000000704100000|  0%| F|  |TAMS 0x0000000704000000, 0x0000000704000000| Untracked 
|  59|0x0000000704100000, 0x0000000704100000, 0x0000000704200000|  0%| F|  |TAMS 0x0000000704100000, 0x0000000704100000| Untracked 
|  60|0x0000000704200000, 0x0000000704200000, 0x0000000704300000|  0%| F|  |TAMS 0x0000000704200000, 0x0000000704200000| Untracked 
|  61|0x0000000704300000, 0x0000000704300000, 0x0000000704400000|  0%| F|  |TAMS 0x0000000704300000, 0x0000000704300000| Untracked 
|  62|0x0000000704400000, 0x0000000704400000, 0x0000000704500000|  0%| F|  |TAMS 0x0000000704400000, 0x0000000704400000| Untracked 
|  63|0x0000000704500000, 0x0000000704500000, 0x0000000704600000|  0%| F|  |TAMS 0x0000000704500000, 0x0000000704500000| Untracked 
|  64|0x0000000704600000, 0x0000000704600000, 0x0000000704700000|  0%| F|  |TAMS 0x0000000704600000, 0x0000000704600000| Untracked 
|  65|0x0000000704700000, 0x0000000704700000, 0x0000000704800000|  0%| F|  |TAMS 0x0000000704700000, 0x0000000704700000| Untracked 
|  66|0x0000000704800000, 0x0000000704800000, 0x0000000704900000|  0%| F|  |TAMS 0x0000000704800000, 0x0000000704800000| Untracked 
|  67|0x0000000704900000, 0x0000000704900000, 0x0000000704a00000|  0%| F|  |TAMS 0x0000000704900000, 0x0000000704900000| Untracked 
|  68|0x0000000704a00000, 0x0000000704a00000, 0x0000000704b00000|  0%| F|  |TAMS 0x0000000704a00000, 0x0000000704a00000| Untracked 
|  69|0x0000000704b00000, 0x0000000704b00000, 0x0000000704c00000|  0%| F|  |TAMS 0x0000000704b00000, 0x0000000704b00000| Untracked 
|  70|0x0000000704c00000, 0x0000000704c00000, 0x0000000704d00000|  0%| F|  |TAMS 0x0000000704c00000, 0x0000000704c00000| Untracked 
|  71|0x0000000704d00000, 0x0000000704d00000, 0x0000000704e00000|  0%| F|  |TAMS 0x0000000704d00000, 0x0000000704d00000| Untracked 
|  72|0x0000000704e00000, 0x0000000704e00000, 0x0000000704f00000|  0%| F|  |TAMS 0x0000000704e00000, 0x0000000704e00000| Untracked 
|  73|0x0000000704f00000, 0x0000000704f00000, 0x0000000705000000|  0%| F|  |TAMS 0x0000000704f00000, 0x0000000704f00000| Untracked 
|  74|0x0000000705000000, 0x0000000705000000, 0x0000000705100000|  0%| F|  |TAMS 0x0000000705000000, 0x0000000705000000| Untracked 
|  75|0x0000000705100000, 0x0000000705100000, 0x0000000705200000|  0%| F|  |TAMS 0x0000000705100000, 0x0000000705100000| Untracked 
|  76|0x0000000705200000, 0x0000000705200000, 0x0000000705300000|  0%| F|  |TAMS 0x0000000705200000, 0x0000000705200000| Untracked 
|  77|0x0000000705300000, 0x0000000705300000, 0x0000000705400000|  0%| F|  |TAMS 0x0000000705300000, 0x0000000705300000| Untracked 
|  78|0x0000000705400000, 0x0000000705400000, 0x0000000705500000|  0%| F|  |TAMS 0x0000000705400000, 0x0000000705400000| Untracked 
|  79|0x0000000705500000, 0x0000000705500000, 0x0000000705600000|  0%| F|  |TAMS 0x0000000705500000, 0x0000000705500000| Untracked 
|  80|0x0000000705600000, 0x0000000705600000, 0x0000000705700000|  0%| F|  |TAMS 0x0000000705600000, 0x0000000705600000| Untracked 
|  81|0x0000000705700000, 0x0000000705700000, 0x0000000705800000|  0%| F|  |TAMS 0x0000000705700000, 0x0000000705700000| Untracked 
|  82|0x0000000705800000, 0x0000000705800000, 0x0000000705900000|  0%| F|  |TAMS 0x0000000705800000, 0x0000000705800000| Untracked 
|  83|0x0000000705900000, 0x0000000705900000, 0x0000000705a00000|  0%| F|  |TAMS 0x0000000705900000, 0x0000000705900000| Untracked 
|  84|0x0000000705a00000, 0x0000000705a00000, 0x0000000705b00000|  0%| F|  |TAMS 0x0000000705a00000, 0x0000000705a00000| Untracked 
|  85|0x0000000705b00000, 0x0000000705b00000, 0x0000000705c00000|  0%| F|  |TAMS 0x0000000705b00000, 0x0000000705b00000| Untracked 
|  86|0x0000000705c00000, 0x0000000705c00000, 0x0000000705d00000|  0%| F|  |TAMS 0x0000000705c00000, 0x0000000705c00000| Untracked 
|  87|0x0000000705d00000, 0x0000000705d00000, 0x0000000705e00000|  0%| F|  |TAMS 0x0000000705d00000, 0x0000000705d00000| Untracked 
|  88|0x0000000705e00000, 0x0000000705e00000, 0x0000000705f00000|  0%| F|  |TAMS 0x0000000705e00000, 0x0000000705e00000| Untracked 
|  89|0x0000000705f00000, 0x0000000705f00000, 0x0000000706000000|  0%| F|  |TAMS 0x0000000705f00000, 0x0000000705f00000| Untracked 
|  90|0x0000000706000000, 0x0000000706000000, 0x0000000706100000|  0%| F|  |TAMS 0x0000000706000000, 0x0000000706000000| Untracked 
|  91|0x0000000706100000, 0x0000000706100000, 0x0000000706200000|  0%| F|  |TAMS 0x0000000706100000, 0x0000000706100000| Untracked 
|  92|0x0000000706200000, 0x0000000706200000, 0x0000000706300000|  0%| F|  |TAMS 0x0000000706200000, 0x0000000706200000| Untracked 
|  93|0x0000000706300000, 0x0000000706300000, 0x0000000706400000|  0%| F|  |TAMS 0x0000000706300000, 0x0000000706300000| Untracked 
|  94|0x0000000706400000, 0x0000000706400000, 0x0000000706500000|  0%| F|  |TAMS 0x0000000706400000, 0x0000000706400000| Untracked 
|  95|0x0000000706500000, 0x0000000706500000, 0x0000000706600000|  0%| F|  |TAMS 0x0000000706500000, 0x0000000706500000| Untracked 
|  96|0x0000000706600000, 0x0000000706600000, 0x0000000706700000|  0%| F|  |TAMS 0x0000000706600000, 0x0000000706600000| Untracked 
|  97|0x0000000706700000, 0x0000000706700000, 0x0000000706800000|  0%| F|  |TAMS 0x0000000706700000, 0x0000000706700000| Untracked 
|  98|0x0000000706800000, 0x0000000706800000, 0x0000000706900000|  0%| F|  |TAMS 0x0000000706800000, 0x0000000706800000| Untracked 
|  99|0x0000000706900000, 0x0000000706900000, 0x0000000706a00000|  0%| F|  |TAMS 0x0000000706900000, 0x0000000706900000| Untracked 
| 100|0x0000000706a00000, 0x0000000706a00000, 0x0000000706b00000|  0%| F|  |TAMS 0x0000000706a00000, 0x0000000706a00000| Untracked 
| 101|0x0000000706b00000, 0x0000000706b00000, 0x0000000706c00000|  0%| F|  |TAMS 0x0000000706b00000, 0x0000000706b00000| Untracked 
| 102|0x0000000706c00000, 0x0000000706c00000, 0x0000000706d00000|  0%| F|  |TAMS 0x0000000706c00000, 0x0000000706c00000| Untracked 
| 103|0x0000000706d00000, 0x0000000706d00000, 0x0000000706e00000|  0%| F|  |TAMS 0x0000000706d00000, 0x0000000706d00000| Untracked 
| 104|0x0000000706e00000, 0x0000000706e00000, 0x0000000706f00000|  0%| F|  |TAMS 0x0000000706e00000, 0x0000000706e00000| Untracked 
| 105|0x0000000706f00000, 0x0000000706f00000, 0x0000000707000000|  0%| F|  |TAMS 0x0000000706f00000, 0x0000000706f00000| Untracked 
| 106|0x0000000707000000, 0x0000000707000000, 0x0000000707100000|  0%| F|  |TAMS 0x0000000707000000, 0x0000000707000000| Untracked 
| 107|0x0000000707100000, 0x0000000707100000, 0x0000000707200000|  0%| F|  |TAMS 0x0000000707100000, 0x0000000707100000| Untracked 
| 108|0x0000000707200000, 0x0000000707200000, 0x0000000707300000|  0%| F|  |TAMS 0x0000000707200000, 0x0000000707200000| Untracked 
| 109|0x0000000707300000, 0x0000000707300000, 0x0000000707400000|  0%| F|  |TAMS 0x0000000707300000, 0x0000000707300000| Untracked 
| 110|0x0000000707400000, 0x0000000707400000, 0x0000000707500000|  0%| F|  |TAMS 0x0000000707400000, 0x0000000707400000| Untracked 
| 111|0x0000000707500000, 0x0000000707500000, 0x0000000707600000|  0%| F|  |TAMS 0x0000000707500000, 0x0000000707500000| Untracked 
| 112|0x0000000707600000, 0x0000000707600000, 0x0000000707700000|  0%| F|  |TAMS 0x0000000707600000, 0x0000000707600000| Untracked 
| 113|0x0000000707700000, 0x0000000707700000, 0x0000000707800000|  0%| F|  |TAMS 0x0000000707700000, 0x0000000707700000| Untracked 
| 114|0x0000000707800000, 0x0000000707800000, 0x0000000707900000|  0%| F|  |TAMS 0x0000000707800000, 0x0000000707800000| Untracked 
| 115|0x0000000707900000, 0x0000000707900000, 0x0000000707a00000|  0%| F|  |TAMS 0x0000000707900000, 0x0000000707900000| Untracked 
| 116|0x0000000707a00000, 0x0000000707a00000, 0x0000000707b00000|  0%| F|  |TAMS 0x0000000707a00000, 0x0000000707a00000| Untracked 
| 117|0x0000000707b00000, 0x0000000707b00000, 0x0000000707c00000|  0%| F|  |TAMS 0x0000000707b00000, 0x0000000707b00000| Untracked 
| 118|0x0000000707c00000, 0x0000000707c00000, 0x0000000707d00000|  0%| F|  |TAMS 0x0000000707c00000, 0x0000000707c00000| Untracked 
| 119|0x0000000707d00000, 0x0000000707d00000, 0x0000000707e00000|  0%| F|  |TAMS 0x0000000707d00000, 0x0000000707d00000| Untracked 
| 120|0x0000000707e00000, 0x0000000707e00000, 0x0000000707f00000|  0%| F|  |TAMS 0x0000000707e00000, 0x0000000707e00000| Untracked 
| 121|0x0000000707f00000, 0x0000000707f00000, 0x0000000708000000|  0%| F|  |TAMS 0x0000000707f00000, 0x0000000707f00000| Untracked 
| 122|0x0000000708000000, 0x0000000708000000, 0x0000000708100000|  0%| F|  |TAMS 0x0000000708000000, 0x0000000708000000| Untracked 
| 123|0x0000000708100000, 0x0000000708100000, 0x0000000708200000|  0%| F|  |TAMS 0x0000000708100000, 0x0000000708100000| Untracked 
| 124|0x0000000708200000, 0x0000000708200000, 0x0000000708300000|  0%| F|  |TAMS 0x0000000708200000, 0x0000000708200000| Untracked 
| 125|0x0000000708300000, 0x0000000708300000, 0x0000000708400000|  0%| F|  |TAMS 0x0000000708300000, 0x0000000708300000| Untracked 
| 126|0x0000000708400000, 0x0000000708400000, 0x0000000708500000|  0%| F|  |TAMS 0x0000000708400000, 0x0000000708400000| Untracked 
| 127|0x0000000708500000, 0x0000000708500000, 0x0000000708600000|  0%| F|  |TAMS 0x0000000708500000, 0x0000000708500000| Untracked 
| 128|0x0000000708600000, 0x0000000708600000, 0x0000000708700000|  0%| F|  |TAMS 0x0000000708600000, 0x0000000708600000| Untracked 
| 129|0x0000000708700000, 0x0000000708700000, 0x0000000708800000|  0%| F|  |TAMS 0x0000000708700000, 0x0000000708700000| Untracked 
| 130|0x0000000708800000, 0x0000000708800000, 0x0000000708900000|  0%| F|  |TAMS 0x0000000708800000, 0x0000000708800000| Untracked 
| 131|0x0000000708900000, 0x0000000708900000, 0x0000000708a00000|  0%| F|  |TAMS 0x0000000708900000, 0x0000000708900000| Untracked 
| 132|0x0000000708a00000, 0x0000000708a00000, 0x0000000708b00000|  0%| F|  |TAMS 0x0000000708a00000, 0x0000000708a00000| Untracked 
| 133|0x0000000708b00000, 0x0000000708b00000, 0x0000000708c00000|  0%| F|  |TAMS 0x0000000708b00000, 0x0000000708b00000| Untracked 
| 134|0x0000000708c00000, 0x0000000708c00000, 0x0000000708d00000|  0%| F|  |TAMS 0x0000000708c00000, 0x0000000708c00000| Untracked 
| 135|0x0000000708d00000, 0x0000000708d00000, 0x0000000708e00000|  0%| F|  |TAMS 0x0000000708d00000, 0x0000000708d00000| Untracked 
| 136|0x0000000708e00000, 0x0000000708e00000, 0x0000000708f00000|  0%| F|  |TAMS 0x0000000708e00000, 0x0000000708e00000| Untracked 
| 137|0x0000000708f00000, 0x0000000708f00000, 0x0000000709000000|  0%| F|  |TAMS 0x0000000708f00000, 0x0000000708f00000| Untracked 
| 138|0x0000000709000000, 0x0000000709000000, 0x0000000709100000|  0%| F|  |TAMS 0x0000000709000000, 0x0000000709000000| Untracked 
| 139|0x0000000709100000, 0x0000000709100000, 0x0000000709200000|  0%| F|  |TAMS 0x0000000709100000, 0x0000000709100000| Untracked 
| 140|0x0000000709200000, 0x0000000709200000, 0x0000000709300000|  0%| F|  |TAMS 0x0000000709200000, 0x0000000709200000| Untracked 
| 141|0x0000000709300000, 0x0000000709300000, 0x0000000709400000|  0%| F|  |TAMS 0x0000000709300000, 0x0000000709300000| Untracked 
| 142|0x0000000709400000, 0x0000000709400000, 0x0000000709500000|  0%| F|  |TAMS 0x0000000709400000, 0x0000000709400000| Untracked 
| 143|0x0000000709500000, 0x0000000709500000, 0x0000000709600000|  0%| F|  |TAMS 0x0000000709500000, 0x0000000709500000| Untracked 
| 144|0x0000000709600000, 0x0000000709600000, 0x0000000709700000|  0%| F|  |TAMS 0x0000000709600000, 0x0000000709600000| Untracked 
| 145|0x0000000709700000, 0x0000000709700000, 0x0000000709800000|  0%| F|  |TAMS 0x0000000709700000, 0x0000000709700000| Untracked 
| 146|0x0000000709800000, 0x0000000709800000, 0x0000000709900000|  0%| F|  |TAMS 0x0000000709800000, 0x0000000709800000| Untracked 
| 147|0x0000000709900000, 0x0000000709900000, 0x0000000709a00000|  0%| F|  |TAMS 0x0000000709900000, 0x0000000709900000| Untracked 
| 148|0x0000000709a00000, 0x0000000709a00000, 0x0000000709b00000|  0%| F|  |TAMS 0x0000000709a00000, 0x0000000709a00000| Untracked 
| 149|0x0000000709b00000, 0x0000000709b00000, 0x0000000709c00000|  0%| F|  |TAMS 0x0000000709b00000, 0x0000000709b00000| Untracked 
| 150|0x0000000709c00000, 0x0000000709c00000, 0x0000000709d00000|  0%| F|  |TAMS 0x0000000709c00000, 0x0000000709c00000| Untracked 
| 151|0x0000000709d00000, 0x0000000709d00000, 0x0000000709e00000|  0%| F|  |TAMS 0x0000000709d00000, 0x0000000709d00000| Untracked 
| 152|0x0000000709e00000, 0x0000000709e00000, 0x0000000709f00000|  0%| F|  |TAMS 0x0000000709e00000, 0x0000000709e00000| Untracked 
| 153|0x0000000709f00000, 0x0000000709f00000, 0x000000070a000000|  0%| F|  |TAMS 0x0000000709f00000, 0x0000000709f00000| Untracked 
| 154|0x000000070a000000, 0x000000070a000000, 0x000000070a100000|  0%| F|  |TAMS 0x000000070a000000, 0x000000070a000000| Untracked 
| 155|0x000000070a100000, 0x000000070a100000, 0x000000070a200000|  0%| F|  |TAMS 0x000000070a100000, 0x000000070a100000| Untracked 
| 156|0x000000070a200000, 0x000000070a200000, 0x000000070a300000|  0%| F|  |TAMS 0x000000070a200000, 0x000000070a200000| Untracked 
| 157|0x000000070a300000, 0x000000070a300000, 0x000000070a400000|  0%| F|  |TAMS 0x000000070a300000, 0x000000070a300000| Untracked 
| 158|0x000000070a400000, 0x000000070a400000, 0x000000070a500000|  0%| F|  |TAMS 0x000000070a400000, 0x000000070a400000| Untracked 
| 159|0x000000070a500000, 0x000000070a500000, 0x000000070a600000|  0%| F|  |TAMS 0x000000070a500000, 0x000000070a500000| Untracked 
| 160|0x000000070a600000, 0x000000070a600000, 0x000000070a700000|  0%| F|  |TAMS 0x000000070a600000, 0x000000070a600000| Untracked 
| 161|0x000000070a700000, 0x000000070a700000, 0x000000070a800000|  0%| F|  |TAMS 0x000000070a700000, 0x000000070a700000| Untracked 
| 162|0x000000070a800000, 0x000000070a800000, 0x000000070a900000|  0%| F|  |TAMS 0x000000070a800000, 0x000000070a800000| Untracked 
| 163|0x000000070a900000, 0x000000070a900000, 0x000000070aa00000|  0%| F|  |TAMS 0x000000070a900000, 0x000000070a900000| Untracked 
| 164|0x000000070aa00000, 0x000000070aa00000, 0x000000070ab00000|  0%| F|  |TAMS 0x000000070aa00000, 0x000000070aa00000| Untracked 
| 165|0x000000070ab00000, 0x000000070ab00000, 0x000000070ac00000|  0%| F|  |TAMS 0x000000070ab00000, 0x000000070ab00000| Untracked 
| 166|0x000000070ac00000, 0x000000070ac00000, 0x000000070ad00000|  0%| F|  |TAMS 0x000000070ac00000, 0x000000070ac00000| Untracked 
| 167|0x000000070ad00000, 0x000000070ad00000, 0x000000070ae00000|  0%| F|  |TAMS 0x000000070ad00000, 0x000000070ad00000| Untracked 
| 168|0x000000070ae00000, 0x000000070ae00000, 0x000000070af00000|  0%| F|  |TAMS 0x000000070ae00000, 0x000000070ae00000| Untracked 
| 169|0x000000070af00000, 0x000000070af00000, 0x000000070b000000|  0%| F|  |TAMS 0x000000070af00000, 0x000000070af00000| Untracked 
| 170|0x000000070b000000, 0x000000070b000000, 0x000000070b100000|  0%| F|  |TAMS 0x000000070b000000, 0x000000070b000000| Untracked 
| 171|0x000000070b100000, 0x000000070b100000, 0x000000070b200000|  0%| F|  |TAMS 0x000000070b100000, 0x000000070b100000| Untracked 
| 172|0x000000070b200000, 0x000000070b200000, 0x000000070b300000|  0%| F|  |TAMS 0x000000070b200000, 0x000000070b200000| Untracked 
| 173|0x000000070b300000, 0x000000070b300000, 0x000000070b400000|  0%| F|  |TAMS 0x000000070b300000, 0x000000070b300000| Untracked 
| 174|0x000000070b400000, 0x000000070b400000, 0x000000070b500000|  0%| F|  |TAMS 0x000000070b400000, 0x000000070b400000| Untracked 
| 175|0x000000070b500000, 0x000000070b500000, 0x000000070b600000|  0%| F|  |TAMS 0x000000070b500000, 0x000000070b500000| Untracked 
| 176|0x000000070b600000, 0x000000070b600000, 0x000000070b700000|  0%| F|  |TAMS 0x000000070b600000, 0x000000070b600000| Untracked 
| 177|0x000000070b700000, 0x000000070b700000, 0x000000070b800000|  0%| F|  |TAMS 0x000000070b700000, 0x000000070b700000| Untracked 
| 178|0x000000070b800000, 0x000000070b800000, 0x000000070b900000|  0%| F|  |TAMS 0x000000070b800000, 0x000000070b800000| Untracked 
| 179|0x000000070b900000, 0x000000070b900000, 0x000000070ba00000|  0%| F|  |TAMS 0x000000070b900000, 0x000000070b900000| Untracked 
| 180|0x000000070ba00000, 0x000000070ba00000, 0x000000070bb00000|  0%| F|  |TAMS 0x000000070ba00000, 0x000000070ba00000| Untracked 
| 181|0x000000070bb00000, 0x000000070bb00000, 0x000000070bc00000|  0%| F|  |TAMS 0x000000070bb00000, 0x000000070bb00000| Untracked 
| 182|0x000000070bc00000, 0x000000070bc00000, 0x000000070bd00000|  0%| F|  |TAMS 0x000000070bc00000, 0x000000070bc00000| Untracked 
| 183|0x000000070bd00000, 0x000000070bd00000, 0x000000070be00000|  0%| F|  |TAMS 0x000000070bd00000, 0x000000070bd00000| Untracked 
| 184|0x000000070be00000, 0x000000070be00000, 0x000000070bf00000|  0%| F|  |TAMS 0x000000070be00000, 0x000000070be00000| Untracked 
| 185|0x000000070bf00000, 0x000000070bf00000, 0x000000070c000000|  0%| F|  |TAMS 0x000000070bf00000, 0x000000070bf00000| Untracked 
| 186|0x000000070c000000, 0x000000070c000000, 0x000000070c100000|  0%| F|  |TAMS 0x000000070c000000, 0x000000070c000000| Untracked 
| 187|0x000000070c100000, 0x000000070c100000, 0x000000070c200000|  0%| F|  |TAMS 0x000000070c100000, 0x000000070c100000| Untracked 
| 188|0x000000070c200000, 0x000000070c200000, 0x000000070c300000|  0%| F|  |TAMS 0x000000070c200000, 0x000000070c200000| Untracked 
| 189|0x000000070c300000, 0x000000070c300000, 0x000000070c400000|  0%| F|  |TAMS 0x000000070c300000, 0x000000070c300000| Untracked 
| 190|0x000000070c400000, 0x000000070c400000, 0x000000070c500000|  0%| F|  |TAMS 0x000000070c400000, 0x000000070c400000| Untracked 
| 191|0x000000070c500000, 0x000000070c500000, 0x000000070c600000|  0%| F|  |TAMS 0x000000070c500000, 0x000000070c500000| Untracked 
| 192|0x000000070c600000, 0x000000070c600000, 0x000000070c700000|  0%| F|  |TAMS 0x000000070c600000, 0x000000070c600000| Untracked 
| 193|0x000000070c700000, 0x000000070c700000, 0x000000070c800000|  0%| F|  |TAMS 0x000000070c700000, 0x000000070c700000| Untracked 
| 194|0x000000070c800000, 0x000000070c800000, 0x000000070c900000|  0%| F|  |TAMS 0x000000070c800000, 0x000000070c800000| Untracked 
| 195|0x000000070c900000, 0x000000070c900000, 0x000000070ca00000|  0%| F|  |TAMS 0x000000070c900000, 0x000000070c900000| Untracked 
| 196|0x000000070ca00000, 0x000000070ca00000, 0x000000070cb00000|  0%| F|  |TAMS 0x000000070ca00000, 0x000000070ca00000| Untracked 
| 197|0x000000070cb00000, 0x000000070cb00000, 0x000000070cc00000|  0%| F|  |TAMS 0x000000070cb00000, 0x000000070cb00000| Untracked 
| 198|0x000000070cc00000, 0x000000070cc00000, 0x000000070cd00000|  0%| F|  |TAMS 0x000000070cc00000, 0x000000070cc00000| Untracked 
| 199|0x000000070cd00000, 0x000000070cd00000, 0x000000070ce00000|  0%| F|  |TAMS 0x000000070cd00000, 0x000000070cd00000| Untracked 
| 200|0x000000070ce00000, 0x000000070ce00000, 0x000000070cf00000|  0%| F|  |TAMS 0x000000070ce00000, 0x000000070ce00000| Untracked 
| 201|0x000000070cf00000, 0x000000070cf00000, 0x000000070d000000|  0%| F|  |TAMS 0x000000070cf00000, 0x000000070cf00000| Untracked 
| 202|0x000000070d000000, 0x000000070d000000, 0x000000070d100000|  0%| F|  |TAMS 0x000000070d000000, 0x000000070d000000| Untracked 
| 203|0x000000070d100000, 0x000000070d100000, 0x000000070d200000|  0%| F|  |TAMS 0x000000070d100000, 0x000000070d100000| Untracked 
| 204|0x000000070d200000, 0x000000070d200000, 0x000000070d300000|  0%| F|  |TAMS 0x000000070d200000, 0x000000070d200000| Untracked 
| 205|0x000000070d300000, 0x000000070d300000, 0x000000070d400000|  0%| F|  |TAMS 0x000000070d300000, 0x000000070d300000| Untracked 
| 206|0x000000070d400000, 0x000000070d400000, 0x000000070d500000|  0%| F|  |TAMS 0x000000070d400000, 0x000000070d400000| Untracked 
| 207|0x000000070d500000, 0x000000070d500000, 0x000000070d600000|  0%| F|  |TAMS 0x000000070d500000, 0x000000070d500000| Untracked 
| 208|0x000000070d600000, 0x000000070d600000, 0x000000070d700000|  0%| F|  |TAMS 0x000000070d600000, 0x000000070d600000| Untracked 
| 209|0x000000070d700000, 0x000000070d700000, 0x000000070d800000|  0%| F|  |TAMS 0x000000070d700000, 0x000000070d700000| Untracked 
| 210|0x000000070d800000, 0x000000070d800000, 0x000000070d900000|  0%| F|  |TAMS 0x000000070d800000, 0x000000070d800000| Untracked 
| 211|0x000000070d900000, 0x000000070d900000, 0x000000070da00000|  0%| F|  |TAMS 0x000000070d900000, 0x000000070d900000| Untracked 
| 212|0x000000070da00000, 0x000000070da00000, 0x000000070db00000|  0%| F|  |TAMS 0x000000070da00000, 0x000000070da00000| Untracked 
| 213|0x000000070db00000, 0x000000070db00000, 0x000000070dc00000|  0%| F|  |TAMS 0x000000070db00000, 0x000000070db00000| Untracked 
| 214|0x000000070dc00000, 0x000000070dc00000, 0x000000070dd00000|  0%| F|  |TAMS 0x000000070dc00000, 0x000000070dc00000| Untracked 
| 215|0x000000070dd00000, 0x000000070dd00000, 0x000000070de00000|  0%| F|  |TAMS 0x000000070dd00000, 0x000000070dd00000| Untracked 
| 216|0x000000070de00000, 0x000000070de00000, 0x000000070df00000|  0%| F|  |TAMS 0x000000070de00000, 0x000000070de00000| Untracked 
| 217|0x000000070df00000, 0x000000070df00000, 0x000000070e000000|  0%| F|  |TAMS 0x000000070df00000, 0x000000070df00000| Untracked 
| 218|0x000000070e000000, 0x000000070e000000, 0x000000070e100000|  0%| F|  |TAMS 0x000000070e000000, 0x000000070e000000| Untracked 
| 219|0x000000070e100000, 0x000000070e100000, 0x000000070e200000|  0%| F|  |TAMS 0x000000070e100000, 0x000000070e100000| Untracked 
| 220|0x000000070e200000, 0x000000070e200000, 0x000000070e300000|  0%| F|  |TAMS 0x000000070e200000, 0x000000070e200000| Untracked 
| 221|0x000000070e300000, 0x000000070e300000, 0x000000070e400000|  0%| F|  |TAMS 0x000000070e300000, 0x000000070e300000| Untracked 
| 222|0x000000070e400000, 0x000000070e400000, 0x000000070e500000|  0%| F|  |TAMS 0x000000070e400000, 0x000000070e400000| Untracked 
| 223|0x000000070e500000, 0x000000070e500000, 0x000000070e600000|  0%| F|  |TAMS 0x000000070e500000, 0x000000070e500000| Untracked 
| 224|0x000000070e600000, 0x000000070e600000, 0x000000070e700000|  0%| F|  |TAMS 0x000000070e600000, 0x000000070e600000| Untracked 
| 225|0x000000070e700000, 0x000000070e700000, 0x000000070e800000|  0%| F|  |TAMS 0x000000070e700000, 0x000000070e700000| Untracked 
| 226|0x000000070e800000, 0x000000070e800000, 0x000000070e900000|  0%| F|  |TAMS 0x000000070e800000, 0x000000070e800000| Untracked 
| 227|0x000000070e900000, 0x000000070e900000, 0x000000070ea00000|  0%| F|  |TAMS 0x000000070e900000, 0x000000070e900000| Untracked 
| 228|0x000000070ea00000, 0x000000070ea00000, 0x000000070eb00000|  0%| F|  |TAMS 0x000000070ea00000, 0x000000070ea00000| Untracked 
| 229|0x000000070eb00000, 0x000000070eb00000, 0x000000070ec00000|  0%| F|  |TAMS 0x000000070eb00000, 0x000000070eb00000| Untracked 
| 230|0x000000070ec00000, 0x000000070ec00000, 0x000000070ed00000|  0%| F|  |TAMS 0x000000070ec00000, 0x000000070ec00000| Untracked 
| 231|0x000000070ed00000, 0x000000070ed00000, 0x000000070ee00000|  0%| F|  |TAMS 0x000000070ed00000, 0x000000070ed00000| Untracked 
| 232|0x000000070ee00000, 0x000000070ee00000, 0x000000070ef00000|  0%| F|  |TAMS 0x000000070ee00000, 0x000000070ee00000| Untracked 
| 233|0x000000070ef00000, 0x000000070ef00000, 0x000000070f000000|  0%| F|  |TAMS 0x000000070ef00000, 0x000000070ef00000| Untracked 
| 234|0x000000070f000000, 0x000000070f000000, 0x000000070f100000|  0%| F|  |TAMS 0x000000070f000000, 0x000000070f000000| Untracked 
| 235|0x000000070f100000, 0x000000070f100000, 0x000000070f200000|  0%| F|  |TAMS 0x000000070f100000, 0x000000070f100000| Untracked 
| 236|0x000000070f200000, 0x000000070f200000, 0x000000070f300000|  0%| F|  |TAMS 0x000000070f200000, 0x000000070f200000| Untracked 
| 237|0x000000070f300000, 0x000000070f300000, 0x000000070f400000|  0%| F|  |TAMS 0x000000070f300000, 0x000000070f300000| Untracked 
| 238|0x000000070f400000, 0x000000070f47ed18, 0x000000070f500000| 49%| E|  |TAMS 0x000000070f400000, 0x000000070f400000| Complete 
| 239|0x000000070f500000, 0x000000070f600000, 0x000000070f600000|100%| E|CS|TAMS 0x000000070f500000, 0x000000070f500000| Complete 
| 240|0x000000070f600000, 0x000000070f700000, 0x000000070f700000|100%| E|CS|TAMS 0x000000070f600000, 0x000000070f600000| Complete 
| 241|0x000000070f700000, 0x000000070f800000, 0x000000070f800000|100%| E|CS|TAMS 0x000000070f700000, 0x000000070f700000| Complete 
| 242|0x000000070f800000, 0x000000070f900000, 0x000000070f900000|100%| E|CS|TAMS 0x000000070f800000, 0x000000070f800000| Complete 
| 243|0x000000070f900000, 0x000000070fa00000, 0x000000070fa00000|100%| E|  |TAMS 0x000000070f900000, 0x000000070f900000| Complete 
| 244|0x000000070fa00000, 0x000000070fb00000, 0x000000070fb00000|100%| E|CS|TAMS 0x000000070fa00000, 0x000000070fa00000| Complete 
| 245|0x000000070fb00000, 0x000000070fc00000, 0x000000070fc00000|100%| E|CS|TAMS 0x000000070fb00000, 0x000000070fb00000| Complete 
| 246|0x000000070fc00000, 0x000000070fd00000, 0x000000070fd00000|100%| E|CS|TAMS 0x000000070fc00000, 0x000000070fc00000| Complete 
| 247|0x000000070fd00000, 0x000000070fe00000, 0x000000070fe00000|100%| E|CS|TAMS 0x000000070fd00000, 0x000000070fd00000| Complete 
| 248|0x000000070fe00000, 0x000000070ff00000, 0x000000070ff00000|100%| E|CS|TAMS 0x000000070fe00000, 0x000000070fe00000| Complete 
| 249|0x000000070ff00000, 0x0000000710000000, 0x0000000710000000|100%| E|CS|TAMS 0x000000070ff00000, 0x000000070ff00000| Complete 
| 250|0x0000000710000000, 0x0000000710100000, 0x0000000710100000|100%| E|CS|TAMS 0x0000000710000000, 0x0000000710000000| Complete 
| 251|0x0000000710100000, 0x0000000710200000, 0x0000000710200000|100%| E|CS|TAMS 0x0000000710100000, 0x0000000710100000| Complete 
| 252|0x0000000710200000, 0x0000000710300000, 0x0000000710300000|100%| E|CS|TAMS 0x0000000710200000, 0x0000000710200000| Complete 
| 253|0x0000000710300000, 0x0000000710400000, 0x0000000710400000|100%| E|CS|TAMS 0x0000000710300000, 0x0000000710300000| Complete 
| 254|0x0000000710400000, 0x0000000710500000, 0x0000000710500000|100%| E|CS|TAMS 0x0000000710400000, 0x0000000710400000| Complete 
| 255|0x0000000710500000, 0x0000000710600000, 0x0000000710600000|100%| E|CS|TAMS 0x0000000710500000, 0x0000000710500000| Complete 

Card table byte_map: [0x000001ba4bb80000,0x000001ba4c380000] _byte_map_base: 0x000001ba4837d000

Marking Bits (Prev, Next): (CMBitMap*) 0x000001ba31b2af48, (CMBitMap*) 0x000001ba31b2af80
 Prev Bits: [0x000001ba4cb80000, 0x000001ba50b68000)
 Next Bits: [0x000001ba50b70000, 0x000001ba54b58000)

Polling page: 0x000001ba31940000

Metaspace:

Usage:
  Non-class:     10.75 MB capacity,    10.61 MB ( 99%) used,   132.35 KB (  1%) free+waste,    13.88 KB ( <1%) overhead. 
      Class:      1.11 MB capacity,     1.05 MB ( 94%) used,    60.45 KB (  5%) free+waste,     6.00 KB ( <1%) overhead. 
       Both:     11.87 MB capacity,    11.66 MB ( 98%) used,   192.80 KB (  2%) free+waste,    19.88 KB ( <1%) overhead. 

Virtual space:
  Non-class space:       12.00 MB reserved,      11.00 MB ( 92%) committed 
      Class space:        1.00 GB reserved,       1.13 MB ( <1%) committed 
             Both:        1.01 GB reserved,      12.13 MB (  1%) committed 

Chunk freelists:
   Non-Class:  59.00 KB
       Class:  14.00 KB
        Both:  73.00 KB

MaxMetaspaceSize: 17179869184.00 GB
CompressedClassSpaceSize: 1.00 GB

CodeHeap 'non-profiled nmethods': size=120000Kb used=239Kb max_used=239Kb free=119760Kb
 bounds [0x000001ba433f0000, 0x000001ba43660000, 0x000001ba4a920000]
CodeHeap 'profiled nmethods': size=120000Kb used=1228Kb max_used=1228Kb free=118771Kb
 bounds [0x000001ba3bec0000, 0x000001ba3c130000, 0x000001ba433f0000]
CodeHeap 'non-nmethods': size=5760Kb used=1099Kb max_used=1119Kb free=4660Kb
 bounds [0x000001ba3b920000, 0x000001ba3bb90000, 0x000001ba3bec0000]
 total_blobs=1550 nmethods=678 adapters=315
 compilation: enabled
              stopped_count=0, restarted_count=0
 full_count=0

Compilation events (20 events):
Event: 0.497 Thread 0x000001ba58004000  668       1       java.util.concurrent.CopyOnWriteArrayList::getArray (5 bytes)
Event: 0.497 Thread 0x000001ba58004000 nmethod 668 0x000001ba43429c10 code [0x000001ba43429dc0, 0x000001ba43429ed8]
Event: 0.497 Thread 0x000001ba58004000  669   !   3       java.util.zip.ZipFile$CleanableResource::getInflater (47 bytes)
Event: 0.497 Thread 0x000001ba58004000 nmethod 669 0x000001ba3bfefa10 code [0x000001ba3bfefc20, 0x000001ba3bff0430]
Event: 0.497 Thread 0x000001ba58004000  670       3       java.util.zip.ZipFile$ZipFileInflaterInputStream::<init> (41 bytes)
Event: 0.498 Thread 0x000001ba58004000 nmethod 670 0x000001ba3bff0690 code [0x000001ba3bff08c0, 0x000001ba3bff1080]
Event: 0.498 Thread 0x000001ba58004000  671       3       java.util.zip.InflaterInputStream::<init> (79 bytes)
Event: 0.498 Thread 0x000001ba58004000 nmethod 671 0x000001ba3bff1390 code [0x000001ba3bff15a0, 0x000001ba3bff1e60]
Event: 0.499 Thread 0x000001ba58004000  672       3       java.util.zip.ZipEntry::<init> (74 bytes)
Event: 0.499 Thread 0x000001ba58004000 nmethod 672 0x000001ba3bff2090 code [0x000001ba3bff22a0, 0x000001ba3bff28a0]
Event: 0.503 Thread 0x000001ba58004000  673   !   3       java.util.zip.Inflater::reset (64 bytes)
Event: 0.503 Thread 0x000001ba58004000 nmethod 673 0x000001ba3bff2a90 code [0x000001ba3bff2c80, 0x000001ba3bff3120]
Event: 0.507 Thread 0x000001ba58001000  675       4       java.lang.StringBuilder::toString (35 bytes)
Event: 0.507 Thread 0x000001ba5843c000  676       4       java.lang.AbstractStringBuilder::<init> (39 bytes)
Event: 0.509 Thread 0x000001ba5843c000 nmethod 676 0x000001ba4342a390 code [0x000001ba4342a520, 0x000001ba4342a778]
Event: 0.511 Thread 0x000001ba5843c000  677       4       java.io.WinNTFileSystem::normalize (143 bytes)
Event: 0.511 Thread 0x000001ba58001000 nmethod 675 0x000001ba4342a810 code [0x000001ba4342a9c0, 0x000001ba4342ae58]
Event: 0.511 Thread 0x000001ba58001000  678       4       java.lang.String::startsWith (7 bytes)
Event: 0.514 Thread 0x000001ba5843c000 nmethod 677 0x000001ba4342b090 code [0x000001ba4342b260, 0x000001ba4342b4e8]
Event: 0.514 Thread 0x000001ba58001000 nmethod 678 0x000001ba4342b710 code [0x000001ba4342b8a0, 0x000001ba4342bab8]

GC Heap History (0 events):
No events

Deoptimization events (20 events):
Event: 0.210 Thread 0x000001ba31ac4000 DEOPT PACKING pc=0x000001ba43401980 sp=0x00000023f09fdd70
Event: 0.210 Thread 0x000001ba31ac4000 DEOPT UNPACKING pc=0x000001ba3b94912f sp=0x00000023f09fdcf8 mode 2
Event: 0.231 Thread 0x000001ba31ac4000 DEOPT PACKING pc=0x000001ba3bf0eee8 sp=0x00000023f09f9570
Event: 0.231 Thread 0x000001ba31ac4000 DEOPT UNPACKING pc=0x000001ba3b948f4e sp=0x00000023f09f89c8 mode 0
Event: 0.255 Thread 0x000001ba31ac4000 DEOPT PACKING pc=0x000001ba3bf18242 sp=0x00000023f09fdce0
Event: 0.255 Thread 0x000001ba31ac4000 DEOPT UNPACKING pc=0x000001ba3b948f4e sp=0x00000023f09fd148 mode 0
Event: 0.259 Thread 0x000001ba31ac4000 DEOPT PACKING pc=0x000001ba3bef2870 sp=0x00000023f09fbf50
Event: 0.259 Thread 0x000001ba31ac4000 DEOPT UNPACKING pc=0x000001ba3b948f4e sp=0x00000023f09fb3d8 mode 0
Event: 0.269 Thread 0x000001ba31ac4000 DEOPT PACKING pc=0x000001ba3bef21dd sp=0x00000023f09fe0c0
Event: 0.269 Thread 0x000001ba31ac4000 DEOPT UNPACKING pc=0x000001ba3b948f4e sp=0x00000023f09fd510 mode 0
Event: 0.351 Thread 0x000001ba31ac4000 Uncommon trap: trap_request=0xffffff4d fr.pc=0x000001ba4340c7bc relative=0x000000000000021c
Event: 0.351 Thread 0x000001ba31ac4000 Uncommon trap: reason=unstable_if action=reinterpret pc=0x000001ba4340c7bc method=java.lang.String.startsWith(Ljava/lang/String;I)Z @ 14 c2
Event: 0.351 Thread 0x000001ba31ac4000 DEOPT PACKING pc=0x000001ba4340c7bc sp=0x00000023f09feb10
Event: 0.351 Thread 0x000001ba31ac4000 DEOPT UNPACKING pc=0x000001ba3b94912f sp=0x00000023f09fea78 mode 2
Event: 0.351 Thread 0x000001ba31ac4000 Uncommon trap: trap_request=0xffffff4d fr.pc=0x000001ba43404e5c relative=0x000000000000003c
Event: 0.351 Thread 0x000001ba31ac4000 Uncommon trap: reason=unstable_if action=reinterpret pc=0x000001ba43404e5c method=sun.nio.fs.WindowsPathParser.isSlash(C)Z @ 9 c2
Event: 0.351 Thread 0x000001ba31ac4000 DEOPT PACKING pc=0x000001ba43404e5c sp=0x00000023f09fe910
Event: 0.351 Thread 0x000001ba31ac4000 DEOPT UNPACKING pc=0x000001ba3b94912f sp=0x00000023f09fe898 mode 2
Event: 0.389 Thread 0x000001ba31ac4000 DEOPT PACKING pc=0x000001ba3bef96db sp=0x00000023f09f9120
Event: 0.389 Thread 0x000001ba31ac4000 DEOPT UNPACKING pc=0x000001ba3b948f4e sp=0x00000023f09f8598 mode 0

Classes redefined (0 events):
No events

Internal exceptions (10 events):
Event: 0.222 Thread 0x000001ba31ac4000 Exception <a 'java/lang/NoSuchMethodError'{0x0000000710291b90}: 'void java.lang.invoke.DirectMethodHandle$Holder.invokeStaticInit(java.lang.Object, java.lang.Object)'> (0x0000000710291b90) thrown at [./src/hotspot/share/interpreter/linkResolver.cpp, line 773]
Event: 0.226 Thread 0x000001ba31ac4000 Exception <a 'java/lang/NoSuchMethodError'{0x00000007102c6028}: 'void java.lang.invoke.DirectMethodHandle$Holder.invokeStaticInit(java.lang.Object, java.lang.Object, java.lang.Object, java.lang.Object)'> (0x00000007102c6028) thrown at [./src/hotspot/share/interpreter/linkResolver.cpp, line 773]
Event: 0.291 Thread 0x000001ba31ac4000 Exception <a 'java/lang/NoSuchMethodError'{0x000000070ff4ffb8}: 'java.lang.Object java.lang.invoke.DirectMethodHandle$Holder.invokeStaticInit(java.lang.Object, java.lang.Object, java.lang.Object)'> (0x000000070ff4ffb8) thrown at [./src/hotspot/share/interpreter/linkResolver.cpp, line 773]
Event: 0.322 Thread 0x000001ba31ac4000 Exception <a 'java/lang/NoSuchMethodError'{0x000000070fe812b0}: 'void java.lang.invoke.DirectMethodHandle$Holder.invokeStaticInit(java.lang.Object)'> (0x000000070fe812b0) thrown at [./src/hotspot/share/interpreter/linkResolver.cpp, line 773]
Event: 0.353 Thread 0x000001ba31ac4000 Exception <a 'sun/nio/fs/WindowsException'{0x000000070fc1a7a8}> (0x000000070fc1a7a8) thrown at [./src/hotspot/share/prims/jni.cpp, line 615]
Event: 0.355 Thread 0x000001ba31ac4000 Exception <a 'sun/nio/fs/WindowsException'{0x000000070fc1dc98}> (0x000000070fc1dc98) thrown at [./src/hotspot/share/prims/jni.cpp, line 615]
Event: 0.356 Thread 0x000001ba31ac4000 Exception <a 'sun/nio/fs/WindowsException'{0x000000070fc21998}> (0x000000070fc21998) thrown at [./src/hotspot/share/prims/jni.cpp, line 615]
Event: 0.382 Thread 0x000001ba31ac4000 Exception <a 'java/lang/NoSuchMethodError'{0x000000070fb13998}: 'int java.lang.invoke.DirectMethodHandle$Holder.invokeStaticInit(java.lang.Object, java.lang.Object)'> (0x000000070fb13998) thrown at [./src/hotspot/share/interpreter/linkResolver.cpp, line 773]
Event: 0.382 Thread 0x000001ba31ac4000 Exception <a 'java/lang/NoSuchMethodError'{0x000000070fb19238}: 'void java.lang.invoke.DirectMethodHandle$Holder.invokeStaticInit(java.lang.Object, java.lang.Object, java.lang.Object)'> (0x000000070fb19238) thrown at [./src/hotspot/share/interpreter/linkResolver.cpp, line 773]
Event: 0.473 Thread 0x000001ba31ac4000 Exception <a 'java/lang/NoSuchMethodError'{0x000000070f791f28}: 'long java.lang.invoke.DirectMethodHandle$Holder.invokeStatic(java.lang.Object, long, long)'> (0x000000070f791f28) thrown at [./src/hotspot/share/interpreter/linkResolver.cpp, line 773]

Events (20 events):
Event: 0.517 loading class org/eclipse/jetty/io/Connection$UpgradeFrom
Event: 0.517 loading class org/eclipse/jetty/io/Connection$UpgradeFrom done
Event: 0.517 loading class org/eclipse/jetty/io/Connection$UpgradeTo
Event: 0.517 loading class org/eclipse/jetty/io/Connection$UpgradeTo done
Event: 0.518 loading class org/eclipse/jetty/server/HttpConfiguration
Event: 0.518 loading class org/eclipse/jetty/server/HttpConfiguration done
Event: 0.519 loading class org/eclipse/jetty/util/TreeTrie
Event: 0.519 loading class org/eclipse/jetty/util/TreeTrie done
Event: 0.519 loading class org/eclipse/jetty/http/HttpScheme
Event: 0.519 loading class org/eclipse/jetty/http/HttpScheme done
Event: 0.520 loading class org/eclipse/jetty/http/CookieCompliance
Event: 0.520 loading class org/eclipse/jetty/http/CookieCompliance done
Event: 0.520 loading class org/eclipse/jetty/server/MultiPartFormDataCompliance
Event: 0.520 loading class org/eclipse/jetty/server/MultiPartFormDataCompliance done
Event: 0.520 loading class org/eclipse/jetty/http/HttpMethod
Event: 0.520 loading class org/eclipse/jetty/http/HttpMethod done
Event: 0.521 loading class org/eclipse/jetty/util/ArrayTernaryTrie
Event: 0.521 loading class org/eclipse/jetty/util/ArrayTernaryTrie done
Event: 0.521 loading class org/eclipse/jetty/http/HttpCompliance
Event: 0.521 loading class org/eclipse/jetty/http/HttpCompliance done


Dynamic libraries:
0x00007ff653ad0000 - 0x00007ff653add000 	C:\Program Files\AdoptOpenJDK\jdk-11.0.7.10-hotspot\bin\java.exe
0x00007ffd74be0000 - 0x00007ffd74dd0000 	C:\WINDOWS\SYSTEM32\ntdll.dll
0x00007ffd73450000 - 0x00007ffd73502000 	C:\WINDOWS\System32\KERNEL32.DLL
0x00007ffd725f0000 - 0x00007ffd72893000 	C:\WINDOWS\System32\KERNELBASE.dll
0x00007ffd71d10000 - 0x00007ffd71e0a000 	C:\WINDOWS\System32\ucrtbase.dll
0x00007ffd63370000 - 0x00007ffd63387000 	C:\Program Files\AdoptOpenJDK\jdk-11.0.7.10-hotspot\bin\jli.dll
0x00007ffd65630000 - 0x00007ffd65645000 	C:\Program Files\AdoptOpenJDK\jdk-11.0.7.10-hotspot\bin\VCRUNTIME140.dll
0x00007ffd740e0000 - 0x00007ffd74274000 	C:\WINDOWS\System32\USER32.dll
0x00007ffd72a50000 - 0x00007ffd72a71000 	C:\WINDOWS\System32\win32u.dll
0x00007ffd6c7f0000 - 0x00007ffd6ca75000 	C:\WINDOWS\WinSxS\amd64_microsoft.windows.common-controls_6595b64144ccf1df_6.0.18362.720_none_e6beb5c51314836b\COMCTL32.dll
0x00007ffd74310000 - 0x00007ffd74336000 	C:\WINDOWS\System32\GDI32.dll
0x00007ffd74340000 - 0x00007ffd743de000 	C:\WINDOWS\System32\msvcrt.dll
0x00007ffd71b70000 - 0x00007ffd71d04000 	C:\WINDOWS\System32\gdi32full.dll
0x00007ffd73650000 - 0x00007ffd73986000 	C:\WINDOWS\System32\combase.dll
0x00007ffd72bf0000 - 0x00007ffd72c8e000 	C:\WINDOWS\System32\msvcp_win.dll
0x00007ffd74760000 - 0x00007ffd74880000 	C:\WINDOWS\System32\RPCRT4.dll
0x00007ffd729d0000 - 0x00007ffd72a50000 	C:\WINDOWS\System32\bcryptPrimitives.dll
0x00007ffd743e0000 - 0x00007ffd7440e000 	C:\WINDOWS\System32\IMM32.DLL
0x00007ffd58940000 - 0x00007ffd589db000 	C:\Program Files\AdoptOpenJDK\jdk-11.0.7.10-hotspot\bin\msvcp140.dll
0x00007ffd33830000 - 0x00007ffd342ec000 	C:\Program Files\AdoptOpenJDK\jdk-11.0.7.10-hotspot\bin\server\jvm.dll
0x00007ffd74880000 - 0x00007ffd74923000 	C:\WINDOWS\System32\ADVAPI32.dll
0x00007ffd73990000 - 0x00007ffd73a27000 	C:\WINDOWS\System32\sechost.dll
0x00007ffd74750000 - 0x00007ffd74758000 	C:\WINDOWS\System32\PSAPI.DLL
0x00007ffd662e0000 - 0x00007ffd662e9000 	C:\WINDOWS\SYSTEM32\WSOCK32.dll
0x00007ffd73570000 - 0x00007ffd735df000 	C:\WINDOWS\System32\WS2_32.dll
0x00007ffd6fbd0000 - 0x00007ffd6fbf4000 	C:\WINDOWS\SYSTEM32\WINMM.dll
0x00007ffd6e100000 - 0x00007ffd6e10a000 	C:\WINDOWS\SYSTEM32\VERSION.dll
0x00007ffd6fba0000 - 0x00007ffd6fbcd000 	C:\WINDOWS\SYSTEM32\winmmbase.dll
0x00007ffd728a0000 - 0x00007ffd728ea000 	C:\WINDOWS\System32\cfgmgr32.dll
0x00007ffd71b50000 - 0x00007ffd71b61000 	C:\WINDOWS\System32\kernel.appcore.dll
0x00007ffd6cd90000 - 0x00007ffd6cda0000 	C:\Program Files\AdoptOpenJDK\jdk-11.0.7.10-hotspot\bin\verify.dll
0x00007ffd5bac0000 - 0x00007ffd5bcb4000 	C:\WINDOWS\SYSTEM32\DBGHELP.DLL
0x00007ffd5bd40000 - 0x00007ffd5bd6a000 	C:\WINDOWS\SYSTEM32\dbgcore.DLL
0x00007ffd60f70000 - 0x00007ffd60f98000 	C:\Program Files\AdoptOpenJDK\jdk-11.0.7.10-hotspot\bin\java.dll
0x00007ffd60e70000 - 0x00007ffd60e86000 	C:\Program Files\AdoptOpenJDK\jdk-11.0.7.10-hotspot\bin\zip.dll
0x00007ffd6cb30000 - 0x00007ffd6cb3a000 	C:\Program Files\AdoptOpenJDK\jdk-11.0.7.10-hotspot\bin\jimage.dll
0x00007ffd72d60000 - 0x00007ffd73445000 	C:\WINDOWS\System32\SHELL32.dll
0x00007ffd74af0000 - 0x00007ffd74b99000 	C:\WINDOWS\System32\shcore.dll
0x00007ffd71e70000 - 0x00007ffd725f0000 	C:\WINDOWS\System32\windows.storage.dll
0x00007ffd71ad0000 - 0x00007ffd71af3000 	C:\WINDOWS\System32\profapi.dll
0x00007ffd71b00000 - 0x00007ffd71b4a000 	C:\WINDOWS\System32\powrprof.dll
0x00007ffd71aa0000 - 0x00007ffd71ab0000 	C:\WINDOWS\System32\UMPDC.dll
0x00007ffd73ea0000 - 0x00007ffd73ef2000 	C:\WINDOWS\System32\shlwapi.dll
0x00007ffd72a80000 - 0x00007ffd72a97000 	C:\WINDOWS\System32\cryptsp.dll
0x00007ffd60e50000 - 0x00007ffd60e69000 	C:\Program Files\AdoptOpenJDK\jdk-11.0.7.10-hotspot\bin\net.dll
0x00007ffd65dd0000 - 0x00007ffd65ec1000 	C:\WINDOWS\SYSTEM32\WINHTTP.dll
0x00007ffd712b0000 - 0x00007ffd71317000 	C:\WINDOWS\system32\mswsock.dll
0x00007ffd60e30000 - 0x00007ffd60e42000 	C:\Program Files\AdoptOpenJDK\jdk-11.0.7.10-hotspot\bin\nio.dll
0x00007ffd65b20000 - 0x00007ffd65b29000 	C:\Program Files\AdoptOpenJDK\jdk-11.0.7.10-hotspot\bin\management.dll
0x00007ffd654d0000 - 0x00007ffd654db000 	C:\Program Files\AdoptOpenJDK\jdk-11.0.7.10-hotspot\bin\management_ext.dll

dbghelp: loaded successfully - version: 4.0.5 - missing functions: none
symbol engine: initialized successfully - sym options: 0x614 - pdb path: .;C:\Program Files\AdoptOpenJDK\jdk-11.0.7.10-hotspot\bin;C:\WINDOWS\SYSTEM32;C:\WINDOWS\WinSxS\amd64_microsoft.windows.common-controls_6595b64144ccf1df_6.0.18362.720_none_e6beb5c51314836b;C:\Program Files\AdoptOpenJDK\jdk-11.0.7.10-hotspot\bin\server

VM Arguments:
jvm_args: -Dfile.encoding=windows-1252 -Duser.country=US -Duser.language=en -Duser.variant 
java_command: edu.pucmm.eict.Main
java_class_path (initial): C:\Users\Eduardo\IdeaProjects\tarea2\build\classes\java\main;C:\Users\Eduardo\IdeaProjects\tarea2\build\resources\main;C:\Users\Eduardo\.gradle\caches\modules-2\files-2.1\io.javalin\javalin\3.8.0\dbacf51c2ce324a3aafeb77c064dac5baf6b759\javalin-3.8.0.jar;C:\Users\Eduardo\.gradle\caches\modules-2\files-2.1\org.slf4j\slf4j-simple\1.8.0-beta4\1531950ac50afd70a4d02f10b6aaf6d6a6a7669e\slf4j-simple-1.8.0-beta4.jar;C:\Users\Eduardo\.gradle\caches\modules-2\files-2.1\org.jsoup\jsoup\1.11.3\36da09a8f68484523fa2aaa100399d612b247d67\jsoup-1.11.3.jar;C:\Users\Eduardo\.gradle\caches\modules-2\files-2.1\com.fasterxml.jackson.core\jackson-databind\2.10.1\18eee15ffc662d27538d5b6ee84e4c92c0a9d03e\jackson-databind-2.10.1.jar;C:\Users\Eduardo\.gradle\caches\modules-2\files-2.1\org.freemarker\freemarker\2.3.30\86d70d335c7821178f62b554aa3a4bc538a94f1a\freemarker-2.3.30.jar;C:\Users\Eduardo\.gradle\caches\modules-2\files-2.1\org.thymeleaf\thymeleaf\3.0.5.RELEASE\bef08ffc686caa73df45034a27d34bf2f0c97501\thymeleaf-3.0.5.RELEASE.jar;C:\Users\Eduardo\.gradle\caches\modules-2\files-2.1\org.apache.velocity\velocity-engine-core\2.2\68d899cb70cd27d495562fa808feb2da4926d38f\velocity-engine-core-2.2.jar;C:\Users\Eduardo\.gradle\caches\modules-2\files-2.1\org.jetbrains.kotlin\kotlin-stdlib-jdk8\1.3.61\e91d61b7cfd9a45566b580fef18bbd5c32d505b5\kotlin-stdlib-jdk8-1.3.61.jar;C:\Users\Eduardo\.gradle\caches\modules-2\files-2.1\org.slf4j\slf4j-api\1.8.0-beta4\83b0359d847ee053d745be7ec0d8e9e8a44304b4\slf4j-api-1.8.0-beta4.jar;C:\Users\Eduardo\.gradle\caches\modules-2\files-2.1\org.eclipse.jetty\jetty-webapp\9.4.25.v20191220\d9f0c70493252c7cf9b2952b88051c999cf9f53c\jetty-webapp-9.4.25.v20191220.jar;C:\Users\Eduardo\.gradle\caches\modules-2\files-2.1\org.eclipse.jetty.websocket\websocket-server\9.4.25.v20191220\642fea5ce3946ba3654d27b516c2315a0d939f7c\websocket-server-9.4.25.v20191220.jar;C:\Users\Eduardo\.gradle\caches\modules-2\files-2.1\org.eclipse.jetty\jetty-servlet\9.4.25.v
Launcher Type: SUN_STANDARD

[Global flags]
     intx CICompilerCount                          = 4                                         {product} {ergonomic}
     uint ConcGCThreads                            = 2                                         {product} {ergonomic}
     uint G1ConcRefinementThreads                  = 8                                         {product} {ergonomic}
   size_t G1HeapRegionSize                         = 1048576                                   {product} {ergonomic}
    uintx GCDrainStackTargetSize                   = 64                                        {product} {ergonomic}
   size_t InitialHeapSize                          = 268435456                                 {product} {ergonomic}
   size_t MarkStackSize                            = 4194304                                   {product} {ergonomic}
   size_t MaxHeapSize                              = 4288675840                                {product} {ergonomic}
   size_t MaxNewSize                               = 2573205504                                {product} {ergonomic}
   size_t MinHeapDeltaBytes                        = 1048576                                   {product} {ergonomic}
    uintx NonNMethodCodeHeapSize                   = 5836300                                {pd product} {ergonomic}
    uintx NonProfiledCodeHeapSize                  = 122910970                              {pd product} {ergonomic}
    uintx ProfiledCodeHeapSize                     = 122910970                              {pd product} {ergonomic}
    uintx ReservedCodeCacheSize                    = 251658240                              {pd product} {ergonomic}
     bool SegmentedCodeCache                       = true                                      {product} {ergonomic}
     bool UseCompressedClassPointers               = true                                 {lp64_product} {ergonomic}
     bool UseCompressedOops                        = true                                 {lp64_product} {ergonomic}
     bool UseG1GC                                  = true                                      {product} {ergonomic}
     bool UseLargePagesIndividualAllocation        = false                                  {pd product} {ergonomic}

Logging:
Log output configuration:
 #0: stdout all=warning uptime,level,tags
 #1: stderr all=off uptime,level,tags

Environment Variables:
JAVA_HOME=C:\Program Files\AdoptOpenJDK\jdk-11.0.7.10-hotspot\
PATH=C:\Program Files\AdoptOpenJDK\jdk-11.0.7.10-hotspot\bin;C:\Windows\system32;C:\Windows;C:\Windows\System32\Wbem;C:\Windows\System32\WindowsPowerShell\v1.0\;C:\Program Files (x86)\NVIDIA Corporation\PhysX\Common;C:\WINDOWS\system32;C:\WINDOWS;C:\WINDOWS\System32\Wbem;C:\WINDOWS\System32\WindowsPowerShell\v1.0\;C:\WINDOWS\System32\OpenSSH\;C:\Program Files (x86)\QuickTime\QTSystem\;C:\Program Files\Git\cmd;C:\Users\Eduardo\AppData\Local\Microsoft\WindowsApps;
USERNAME=Eduardo
OS=Windows_NT
PROCESSOR_IDENTIFIER=Intel64 Family 6 Model 42 Stepping 7, GenuineIntel



---------------  S Y S T E M  ---------------

OS: Windows 10 , 64 bit Build 18362 (10.0.18362.329)
OS uptime: 2 days 1:18 hours

CPU:total 8 (initial active 8) (4 cores per cpu, 2 threads per core) family 6 model 42 stepping 7, cmov, cx8, fxsr, mmx, sse, sse2, sse3, ssse3, sse4.1, sse4.2, popcnt, avx, aes, clmul, ht, tsc, tscinvbit

Memory: 4k page, system-wide physical 16352M (10042M free)
TotalPageFile size 32736M (AvailPageFile size 24783M)
current process WorkingSet (physical memory assigned to process): 70M, peak: 70M
current process commit charge ("private bytes"): 355M, peak: 356M

vm_info: OpenJDK 64-Bit Server VM (11.0.7+10) for windows-amd64 JRE (11.0.7+10), built on Apr 22 2020 11:46:09 by "" with MS VC++ 15.9 (VS2017)

END.
